{"/Users/anshbhatt/Desktop/Task/nodeLp/app.js": {"path":"/Users/anshbhatt/Desktop/Task/nodeLp/app.js","statementMap":{"0":{"start":{"line":1,"column":16},"end":{"line":1,"column":34}},"1":{"start":{"line":2,"column":12},"end":{"line":2,"column":21}},"2":{"start":{"line":3,"column":17},"end":{"line":3,"column":36}},"3":{"start":{"line":4,"column":15},"end":{"line":4,"column":32}},"4":{"start":{"line":5,"column":15},"end":{"line":5,"column":32}},"5":{"start":{"line":7,"column":0},"end":{"line":7,"column":16}},"6":{"start":{"line":9,"column":18},"end":{"line":9,"column":42}},"7":{"start":{"line":10,"column":18},"end":{"line":10,"column":45}},"8":{"start":{"line":11,"column":18},"end":{"line":11,"column":42}},"9":{"start":{"line":12,"column":19},"end":{"line":12,"column":44}},"10":{"start":{"line":15,"column":11},"end":{"line":15,"column":32}},"11":{"start":{"line":17,"column":0},"end":{"line":17,"column":24}},"12":{"start":{"line":18,"column":0},"end":{"line":18,"column":24}},"13":{"start":{"line":21,"column":0},"end":{"line":27,"column":34}},"14":{"start":{"line":26,"column":13},"end":{"line":26,"column":35}},"15":{"start":{"line":27,"column":16},"end":{"line":27,"column":32}},"16":{"start":{"line":32,"column":0},"end":{"line":32,"column":30}},"17":{"start":{"line":35,"column":0},"end":{"line":35,"column":27}},"18":{"start":{"line":37,"column":0},"end":{"line":37,"column":27}},"19":{"start":{"line":39,"column":0},"end":{"line":39,"column":31}},"20":{"start":{"line":41,"column":0},"end":{"line":43,"column":3}},"21":{"start":{"line":42,"column":4},"end":{"line":42,"column":34}},"22":{"start":{"line":44,"column":0},"end":{"line":44,"column":19}}},"fnMap":{"0":{"name":"(anonymous_0)","decl":{"start":{"line":26,"column":7},"end":{"line":26,"column":8}},"loc":{"start":{"line":26,"column":13},"end":{"line":26,"column":35}},"line":26},"1":{"name":"(anonymous_1)","decl":{"start":{"line":27,"column":7},"end":{"line":27,"column":8}},"loc":{"start":{"line":27,"column":16},"end":{"line":27,"column":32}},"line":27},"2":{"name":"(anonymous_2)","decl":{"start":{"line":41,"column":8},"end":{"line":41,"column":9}},"loc":{"start":{"line":41,"column":24},"end":{"line":43,"column":1}},"line":41}},"branchMap":{},"s":{"0":1,"1":1,"2":1,"3":1,"4":1,"5":1,"6":1,"7":1,"8":1,"9":1,"10":1,"11":1,"12":1,"13":1,"14":1,"15":0,"16":1,"17":1,"18":1,"19":1,"20":1,"21":1,"22":1},"f":{"0":1,"1":0,"2":1},"b":{},"_coverageSchema":"1a1c01bbd47fc00a2c39e90264f33305004495a9","hash":"8e4bdf1c6b8d7302130b4969f0772cefde1307b9"}
,"/Users/anshbhatt/Desktop/Task/nodeLp/Fileupload/prodImage.js": {"path":"/Users/anshbhatt/Desktop/Task/nodeLp/Fileupload/prodImage.js","statementMap":{"0":{"start":{"line":1,"column":16},"end":{"line":1,"column":34}},"1":{"start":{"line":2,"column":16},"end":{"line":2,"column":44}},"2":{"start":{"line":3,"column":16},"end":{"line":3,"column":33}},"3":{"start":{"line":4,"column":12},"end":{"line":4,"column":21}},"4":{"start":{"line":6,"column":0},"end":{"line":6,"column":24}},"5":{"start":{"line":8,"column":16},"end":{"line":8,"column":38}},"6":{"start":{"line":9,"column":15},"end":{"line":9,"column":40}},"7":{"start":{"line":11,"column":17},"end":{"line":35,"column":1}},"8":{"start":{"line":13,"column":4},"end":{"line":34,"column":5}},"9":{"start":{"line":16,"column":26},"end":{"line":16,"column":64}},"10":{"start":{"line":17,"column":8},"end":{"line":17,"column":32}},"11":{"start":{"line":19,"column":8},"end":{"line":19,"column":31}},"12":{"start":{"line":20,"column":18},"end":{"line":20,"column":20}},"13":{"start":{"line":21,"column":8},"end":{"line":26,"column":11}},"14":{"start":{"line":22,"column":24},"end":{"line":22,"column":105}},"15":{"start":{"line":23,"column":12},"end":{"line":23,"column":27}},"16":{"start":{"line":27,"column":8},"end":{"line":27,"column":25}},"17":{"start":{"line":28,"column":28},"end":{"line":28,"column":106}},"18":{"start":{"line":29,"column":8},"end":{"line":29,"column":45}},"19":{"start":{"line":33,"column":8},"end":{"line":33,"column":54}},"20":{"start":{"line":36,"column":0},"end":{"line":36,"column":33}}},"fnMap":{"0":{"name":"(anonymous_0)","decl":{"start":{"line":11,"column":17},"end":{"line":11,"column":18}},"loc":{"start":{"line":11,"column":33},"end":{"line":35,"column":1}},"line":11},"1":{"name":"(anonymous_1)","decl":{"start":{"line":21,"column":22},"end":{"line":21,"column":23}},"loc":{"start":{"line":21,"column":30},"end":{"line":26,"column":9}},"line":21}},"branchMap":{},"s":{"0":1,"1":1,"2":1,"3":1,"4":1,"5":1,"6":1,"7":1,"8":0,"9":0,"10":0,"11":0,"12":0,"13":0,"14":0,"15":0,"16":0,"17":0,"18":0,"19":0,"20":1},"f":{"0":0,"1":0},"b":{},"_coverageSchema":"1a1c01bbd47fc00a2c39e90264f33305004495a9","hash":"5ba1e2495e1ddef80fce1a6cb1b729f4bd64fa38"}
,"/Users/anshbhatt/Desktop/Task/nodeLp/Fileupload/profilePic.js": {"path":"/Users/anshbhatt/Desktop/Task/nodeLp/Fileupload/profilePic.js","statementMap":{"0":{"start":{"line":1,"column":16},"end":{"line":1,"column":34}},"1":{"start":{"line":2,"column":16},"end":{"line":2,"column":44}},"2":{"start":{"line":3,"column":16},"end":{"line":3,"column":33}},"3":{"start":{"line":4,"column":20},"end":{"line":4,"column":41}},"4":{"start":{"line":5,"column":12},"end":{"line":5,"column":21}},"5":{"start":{"line":6,"column":15},"end":{"line":6,"column":32}},"6":{"start":{"line":7,"column":13},"end":{"line":7,"column":38}},"7":{"start":{"line":8,"column":11},"end":{"line":8,"column":24}},"8":{"start":{"line":9,"column":30},"end":{"line":9,"column":55}},"9":{"start":{"line":11,"column":0},"end":{"line":11,"column":16}},"10":{"start":{"line":14,"column":0},"end":{"line":14,"column":24}},"11":{"start":{"line":15,"column":0},"end":{"line":21,"column":2}},"12":{"start":{"line":23,"column":16},"end":{"line":30,"column":2}},"13":{"start":{"line":25,"column":6},"end":{"line":25,"column":27}},"14":{"start":{"line":28,"column":6},"end":{"line":28,"column":33}},"15":{"start":{"line":36,"column":15},"end":{"line":36,"column":40}},"16":{"start":{"line":39,"column":19},"end":{"line":66,"column":1}},"17":{"start":{"line":41,"column":4},"end":{"line":65,"column":5}},"18":{"start":{"line":43,"column":8},"end":{"line":43,"column":30}},"19":{"start":{"line":48,"column":24},"end":{"line":48,"column":71}},"20":{"start":{"line":49,"column":8},"end":{"line":49,"column":28}},"21":{"start":{"line":50,"column":8},"end":{"line":50,"column":30}},"22":{"start":{"line":51,"column":8},"end":{"line":51,"column":37}},"23":{"start":{"line":52,"column":24},"end":{"line":52,"column":117}},"24":{"start":{"line":53,"column":8},"end":{"line":53,"column":29}},"25":{"start":{"line":56,"column":8},"end":{"line":59,"column":13}},"26":{"start":{"line":64,"column":8},"end":{"line":64,"column":36}},"27":{"start":{"line":67,"column":0},"end":{"line":67,"column":36}}},"fnMap":{"0":{"name":"(anonymous_0)","decl":{"start":{"line":24,"column":17},"end":{"line":24,"column":18}},"loc":{"start":{"line":24,"column":42},"end":{"line":26,"column":5}},"line":24},"1":{"name":"(anonymous_1)","decl":{"start":{"line":27,"column":14},"end":{"line":27,"column":15}},"loc":{"start":{"line":27,"column":39},"end":{"line":29,"column":5}},"line":27},"2":{"name":"(anonymous_2)","decl":{"start":{"line":39,"column":19},"end":{"line":39,"column":20}},"loc":{"start":{"line":39,"column":35},"end":{"line":66,"column":1}},"line":39}},"branchMap":{},"s":{"0":1,"1":1,"2":1,"3":1,"4":1,"5":1,"6":1,"7":1,"8":1,"9":1,"10":1,"11":1,"12":1,"13":0,"14":0,"15":1,"16":1,"17":0,"18":0,"19":0,"20":0,"21":0,"22":0,"23":0,"24":0,"25":0,"26":0,"27":1},"f":{"0":0,"1":0,"2":0},"b":{},"_coverageSchema":"1a1c01bbd47fc00a2c39e90264f33305004495a9","hash":"a07021d7adfcb9677a26baa6b63984351c60a8fb"}
,"/Users/anshbhatt/Desktop/Task/nodeLp/config/mail.js": {"path":"/Users/anshbhatt/Desktop/Task/nodeLp/config/mail.js","statementMap":{"0":{"start":{"line":1,"column":19},"end":{"line":1,"column":40}},"1":{"start":{"line":2,"column":15},"end":{"line":2,"column":41}},"2":{"start":{"line":3,"column":20},"end":{"line":11,"column":4}},"3":{"start":{"line":12,"column":0},"end":{"line":12,"column":29}}},"fnMap":{},"branchMap":{},"s":{"0":1,"1":1,"2":1,"3":1},"f":{},"b":{},"_coverageSchema":"1a1c01bbd47fc00a2c39e90264f33305004495a9","hash":"3ae296e25b71da05eb236dd55d108f16daff59c6"}
,"/Users/anshbhatt/Desktop/Task/nodeLp/controllers/cart.js": {"path":"/Users/anshbhatt/Desktop/Task/nodeLp/controllers/cart.js","statementMap":{"0":{"start":{"line":1,"column":16},"end":{"line":1,"column":34}},"1":{"start":{"line":2,"column":13},"end":{"line":2,"column":38}},"2":{"start":{"line":3,"column":14},"end":{"line":3,"column":39}},"3":{"start":{"line":4,"column":12},"end":{"line":4,"column":21}},"4":{"start":{"line":5,"column":0},"end":{"line":5,"column":24}},"5":{"start":{"line":7,"column":17},"end":{"line":52,"column":3}},"6":{"start":{"line":9,"column":4},"end":{"line":9,"column":26}},"7":{"start":{"line":10,"column":4},"end":{"line":10,"column":31}},"8":{"start":{"line":11,"column":4},"end":{"line":11,"column":37}},"9":{"start":{"line":12,"column":4},"end":{"line":51,"column":5}},"10":{"start":{"line":13,"column":17},"end":{"line":13,"column":58}},"11":{"start":{"line":15,"column":6},"end":{"line":46,"column":7}},"12":{"start":{"line":17,"column":24},"end":{"line":17,"column":80}},"13":{"start":{"line":17,"column":53},"end":{"line":17,"column":79}},"14":{"start":{"line":19,"column":16},"end":{"line":33,"column":15}},"15":{"start":{"line":21,"column":16},"end":{"line":21,"column":39}},"16":{"start":{"line":25,"column":16},"end":{"line":25,"column":78}},"17":{"start":{"line":32,"column":16},"end":{"line":32,"column":92}},"18":{"start":{"line":34,"column":14},"end":{"line":34,"column":39}},"19":{"start":{"line":35,"column":14},"end":{"line":35,"column":81}},"20":{"start":{"line":40,"column":24},"end":{"line":42,"column":40}},"21":{"start":{"line":43,"column":8},"end":{"line":43,"column":29}},"22":{"start":{"line":44,"column":25},"end":{"line":44,"column":45}},"23":{"start":{"line":45,"column":8},"end":{"line":45,"column":78}},"24":{"start":{"line":49,"column":6},"end":{"line":49,"column":23}},"25":{"start":{"line":50,"column":6},"end":{"line":50,"column":51}},"26":{"start":{"line":54,"column":18},"end":{"line":74,"column":3}},"27":{"start":{"line":55,"column":4},"end":{"line":72,"column":5}},"28":{"start":{"line":57,"column":20},"end":{"line":59,"column":53}},"29":{"start":{"line":60,"column":4},"end":{"line":60,"column":26}},"30":{"start":{"line":61,"column":4},"end":{"line":64,"column":5}},"31":{"start":{"line":63,"column":6},"end":{"line":63,"column":72}},"32":{"start":{"line":67,"column":4},"end":{"line":67,"column":50}},"33":{"start":{"line":71,"column":6},"end":{"line":71,"column":50}},"34":{"start":{"line":77,"column":21},"end":{"line":116,"column":3}},"35":{"start":{"line":79,"column":0},"end":{"line":113,"column":3}},"36":{"start":{"line":80,"column":15},"end":{"line":80,"column":57}},"37":{"start":{"line":81,"column":4},"end":{"line":108,"column":5}},"38":{"start":{"line":83,"column":22},"end":{"line":83,"column":82}},"39":{"start":{"line":83,"column":51},"end":{"line":83,"column":81}},"40":{"start":{"line":84,"column":6},"end":{"line":106,"column":7}},"41":{"start":{"line":86,"column":8},"end":{"line":99,"column":9}},"42":{"start":{"line":89,"column":10},"end":{"line":89,"column":45}},"43":{"start":{"line":90,"column":10},"end":{"line":90,"column":28}},"44":{"start":{"line":91,"column":10},"end":{"line":91,"column":93}},"45":{"start":{"line":96,"column":10},"end":{"line":96,"column":47}},"46":{"start":{"line":97,"column":10},"end":{"line":97,"column":28}},"47":{"start":{"line":98,"column":10},"end":{"line":98,"column":114}},"48":{"start":{"line":105,"column":8},"end":{"line":105,"column":79}},"49":{"start":{"line":112,"column":4},"end":{"line":112,"column":50}},"50":{"start":{"line":117,"column":2},"end":{"line":117,"column":53}}},"fnMap":{"0":{"name":"(anonymous_0)","decl":{"start":{"line":7,"column":17},"end":{"line":7,"column":18}},"loc":{"start":{"line":7,"column":37},"end":{"line":52,"column":3}},"line":7},"1":{"name":"(anonymous_1)","decl":{"start":{"line":17,"column":48},"end":{"line":17,"column":49}},"loc":{"start":{"line":17,"column":53},"end":{"line":17,"column":79}},"line":17},"2":{"name":"(anonymous_2)","decl":{"start":{"line":54,"column":18},"end":{"line":54,"column":19}},"loc":{"start":{"line":54,"column":34},"end":{"line":74,"column":3}},"line":54},"3":{"name":"(anonymous_3)","decl":{"start":{"line":77,"column":21},"end":{"line":77,"column":22}},"loc":{"start":{"line":77,"column":37},"end":{"line":116,"column":3}},"line":77},"4":{"name":"(anonymous_4)","decl":{"start":{"line":83,"column":46},"end":{"line":83,"column":47}},"loc":{"start":{"line":83,"column":51},"end":{"line":83,"column":81}},"line":83}},"branchMap":{"0":{"loc":{"start":{"line":15,"column":6},"end":{"line":46,"column":7}},"type":"if","locations":[{"start":{"line":15,"column":6},"end":{"line":46,"column":7}},{"start":{"line":38,"column":7},"end":{"line":46,"column":7}}],"line":15},"1":{"loc":{"start":{"line":19,"column":16},"end":{"line":33,"column":15}},"type":"if","locations":[{"start":{"line":19,"column":16},"end":{"line":33,"column":15}},{"start":{"line":30,"column":14},"end":{"line":33,"column":15}}],"line":19},"2":{"loc":{"start":{"line":61,"column":4},"end":{"line":64,"column":5}},"type":"if","locations":[{"start":{"line":61,"column":4},"end":{"line":64,"column":5}},{"start":{},"end":{}}],"line":61},"3":{"loc":{"start":{"line":81,"column":4},"end":{"line":108,"column":5}},"type":"if","locations":[{"start":{"line":81,"column":4},"end":{"line":108,"column":5}},{"start":{},"end":{}}],"line":81},"4":{"loc":{"start":{"line":84,"column":6},"end":{"line":106,"column":7}},"type":"if","locations":[{"start":{"line":84,"column":6},"end":{"line":106,"column":7}},{"start":{"line":103,"column":6},"end":{"line":106,"column":7}}],"line":84},"5":{"loc":{"start":{"line":86,"column":8},"end":{"line":99,"column":9}},"type":"if","locations":[{"start":{"line":86,"column":8},"end":{"line":99,"column":9}},{"start":{"line":94,"column":8},"end":{"line":99,"column":9}}],"line":86}},"s":{"0":1,"1":1,"2":1,"3":1,"4":1,"5":1,"6":0,"7":0,"8":0,"9":0,"10":0,"11":0,"12":0,"13":0,"14":0,"15":0,"16":0,"17":0,"18":0,"19":0,"20":0,"21":0,"22":0,"23":0,"24":0,"25":0,"26":1,"27":0,"28":0,"29":0,"30":0,"31":0,"32":0,"33":0,"34":1,"35":0,"36":0,"37":0,"38":0,"39":0,"40":0,"41":0,"42":0,"43":0,"44":0,"45":0,"46":0,"47":0,"48":0,"49":0,"50":1},"f":{"0":0,"1":0,"2":0,"3":0,"4":0},"b":{"0":[0,0],"1":[0,0],"2":[0,0],"3":[0,0],"4":[0,0],"5":[0,0]},"_coverageSchema":"1a1c01bbd47fc00a2c39e90264f33305004495a9","hash":"07c2be4bc2017361852e9eafdef45d24a460fcee"}
,"/Users/anshbhatt/Desktop/Task/nodeLp/controllers/orderController.js": {"path":"/Users/anshbhatt/Desktop/Task/nodeLp/controllers/orderController.js","statementMap":{"0":{"start":{"line":1,"column":16},"end":{"line":1,"column":34}},"1":{"start":{"line":2,"column":12},"end":{"line":2,"column":21}},"2":{"start":{"line":3,"column":0},"end":{"line":3,"column":24}},"3":{"start":{"line":5,"column":11},"end":{"line":5,"column":36}},"4":{"start":{"line":6,"column":14},"end":{"line":6,"column":42}},"5":{"start":{"line":7,"column":12},"end":{"line":7,"column":38}},"6":{"start":{"line":8,"column":13},"end":{"line":8,"column":38}},"7":{"start":{"line":11,"column":18},"end":{"line":36,"column":1}},"8":{"start":{"line":12,"column":4},"end":{"line":35,"column":5}},"9":{"start":{"line":14,"column":8},"end":{"line":14,"column":41}},"10":{"start":{"line":15,"column":22},"end":{"line":15,"column":63}},"11":{"start":{"line":16,"column":8},"end":{"line":16,"column":29}},"12":{"start":{"line":17,"column":8},"end":{"line":20,"column":8}},"13":{"start":{"line":19,"column":8},"end":{"line":19,"column":94}},"14":{"start":{"line":22,"column":19},"end":{"line":22,"column":62}},"15":{"start":{"line":23,"column":7},"end":{"line":23,"column":26}},"16":{"start":{"line":24,"column":20},"end":{"line":28,"column":10}},"17":{"start":{"line":29,"column":8},"end":{"line":29,"column":46}},"18":{"start":{"line":30,"column":8},"end":{"line":30,"column":23}},"19":{"start":{"line":31,"column":8},"end":{"line":31,"column":21}},"20":{"start":{"line":32,"column":8},"end":{"line":32,"column":38}},"21":{"start":{"line":34,"column":8},"end":{"line":34,"column":53}},"22":{"start":{"line":38,"column":18},"end":{"line":90,"column":1}},"23":{"start":{"line":39,"column":4},"end":{"line":89,"column":5}},"24":{"start":{"line":42,"column":14},"end":{"line":42,"column":15}},"25":{"start":{"line":43,"column":18},"end":{"line":44,"column":71}},"26":{"start":{"line":46,"column":4},"end":{"line":49,"column":5}},"27":{"start":{"line":48,"column":7},"end":{"line":48,"column":76}},"28":{"start":{"line":51,"column":4},"end":{"line":56,"column":7}},"29":{"start":{"line":54,"column":8},"end":{"line":54,"column":68}},"30":{"start":{"line":57,"column":23},"end":{"line":61,"column":6}},"31":{"start":{"line":62,"column":4},"end":{"line":62,"column":27}},"32":{"start":{"line":64,"column":8},"end":{"line":78,"column":9}},"33":{"start":{"line":66,"column":8},"end":{"line":73,"column":9}},"34":{"start":{"line":69,"column":23},"end":{"line":69,"column":59}},"35":{"start":{"line":71,"column":12},"end":{"line":71,"column":51}},"36":{"start":{"line":72,"column":12},"end":{"line":72,"column":30}},"37":{"start":{"line":77,"column":12},"end":{"line":77,"column":63}},"38":{"start":{"line":80,"column":4},"end":{"line":80,"column":25}},"39":{"start":{"line":82,"column":23},"end":{"line":82,"column":45}},"40":{"start":{"line":83,"column":4},"end":{"line":83,"column":47}},"41":{"start":{"line":84,"column":4},"end":{"line":84,"column":52}},"42":{"start":{"line":88,"column":8},"end":{"line":88,"column":59}},"43":{"start":{"line":92,"column":19},"end":{"line":111,"column":1}},"44":{"start":{"line":93,"column":4},"end":{"line":110,"column":5}},"45":{"start":{"line":95,"column":26},"end":{"line":103,"column":6}},"46":{"start":{"line":104,"column":8},"end":{"line":104,"column":49}},"47":{"start":{"line":109,"column":8},"end":{"line":109,"column":54}},"48":{"start":{"line":112,"column":0},"end":{"line":112,"column":55}}},"fnMap":{"0":{"name":"(anonymous_0)","decl":{"start":{"line":11,"column":18},"end":{"line":11,"column":19}},"loc":{"start":{"line":11,"column":34},"end":{"line":36,"column":1}},"line":11},"1":{"name":"(anonymous_1)","decl":{"start":{"line":38,"column":18},"end":{"line":38,"column":19}},"loc":{"start":{"line":38,"column":34},"end":{"line":90,"column":1}},"line":38},"2":{"name":"(anonymous_2)","decl":{"start":{"line":51,"column":26},"end":{"line":51,"column":27}},"loc":{"start":{"line":51,"column":34},"end":{"line":56,"column":5}},"line":51},"3":{"name":"reducequantity","decl":{"start":{"line":63,"column":19},"end":{"line":63,"column":33}},"loc":{"start":{"line":63,"column":39},"end":{"line":79,"column":5}},"line":63},"4":{"name":"(anonymous_4)","decl":{"start":{"line":92,"column":19},"end":{"line":92,"column":20}},"loc":{"start":{"line":92,"column":35},"end":{"line":111,"column":1}},"line":92}},"branchMap":{"0":{"loc":{"start":{"line":17,"column":8},"end":{"line":20,"column":8}},"type":"if","locations":[{"start":{"line":17,"column":8},"end":{"line":20,"column":8}},{"start":{},"end":{}}],"line":17},"1":{"loc":{"start":{"line":46,"column":4},"end":{"line":49,"column":5}},"type":"if","locations":[{"start":{"line":46,"column":4},"end":{"line":49,"column":5}},{"start":{},"end":{}}],"line":46},"2":{"loc":{"start":{"line":46,"column":7},"end":{"line":46,"column":30}},"type":"binary-expr","locations":[{"start":{"line":46,"column":7},"end":{"line":46,"column":12}},{"start":{"line":46,"column":16},"end":{"line":46,"column":30}}],"line":46}},"s":{"0":1,"1":1,"2":1,"3":1,"4":1,"5":1,"6":1,"7":1,"8":0,"9":0,"10":0,"11":0,"12":0,"13":0,"14":0,"15":0,"16":0,"17":0,"18":0,"19":0,"20":0,"21":0,"22":1,"23":0,"24":0,"25":0,"26":0,"27":0,"28":0,"29":0,"30":0,"31":0,"32":0,"33":0,"34":0,"35":0,"36":0,"37":0,"38":0,"39":0,"40":0,"41":0,"42":0,"43":1,"44":0,"45":0,"46":0,"47":0,"48":1},"f":{"0":0,"1":0,"2":0,"3":0,"4":0},"b":{"0":[0,0],"1":[0,0],"2":[0,0]},"_coverageSchema":"1a1c01bbd47fc00a2c39e90264f33305004495a9","hash":"0758b07ae8111f08efb8c79c53e402992b63cbcc"}
,"/Users/anshbhatt/Desktop/Task/nodeLp/controllers/product.js": {"path":"/Users/anshbhatt/Desktop/Task/nodeLp/controllers/product.js","statementMap":{"0":{"start":{"line":1,"column":16},"end":{"line":1,"column":34}},"1":{"start":{"line":2,"column":16},"end":{"line":2,"column":44}},"2":{"start":{"line":3,"column":12},"end":{"line":3,"column":21}},"3":{"start":{"line":4,"column":16},"end":{"line":4,"column":33}},"4":{"start":{"line":6,"column":0},"end":{"line":6,"column":24}},"5":{"start":{"line":8,"column":16},"end":{"line":20,"column":1}},"6":{"start":{"line":9,"column":4},"end":{"line":16,"column":5}},"7":{"start":{"line":10,"column":29},"end":{"line":10,"column":62}},"8":{"start":{"line":11,"column":8},"end":{"line":11,"column":34}},"9":{"start":{"line":12,"column":8},"end":{"line":12,"column":54}},"10":{"start":{"line":14,"column":8},"end":{"line":14,"column":38}},"11":{"start":{"line":17,"column":25},"end":{"line":17,"column":58}},"12":{"start":{"line":18,"column":4},"end":{"line":18,"column":29}},"13":{"start":{"line":23,"column":16},"end":{"line":39,"column":1}},"14":{"start":{"line":24,"column":4},"end":{"line":38,"column":5}},"15":{"start":{"line":26,"column":72},"end":{"line":26,"column":80}},"16":{"start":{"line":27,"column":17},"end":{"line":27,"column":28}},"17":{"start":{"line":29,"column":4},"end":{"line":30,"column":84}},"18":{"start":{"line":30,"column":4},"end":{"line":30,"column":84}},"19":{"start":{"line":31,"column":17},"end":{"line":31,"column":94}},"20":{"start":{"line":33,"column":8},"end":{"line":33,"column":20}},"21":{"start":{"line":34,"column":8},"end":{"line":34,"column":67}},"22":{"start":{"line":37,"column":8},"end":{"line":37,"column":52}},"23":{"start":{"line":41,"column":13},"end":{"line":49,"column":1}},"24":{"start":{"line":42,"column":4},"end":{"line":47,"column":5}},"25":{"start":{"line":43,"column":19},"end":{"line":43,"column":39}},"26":{"start":{"line":44,"column":8},"end":{"line":44,"column":23}},"27":{"start":{"line":46,"column":8},"end":{"line":46,"column":46}},"28":{"start":{"line":51,"column":17},"end":{"line":58,"column":1}},"29":{"start":{"line":52,"column":4},"end":{"line":57,"column":5}},"30":{"start":{"line":53,"column":21},"end":{"line":53,"column":80}},"31":{"start":{"line":54,"column":8},"end":{"line":54,"column":35}},"32":{"start":{"line":56,"column":8},"end":{"line":56,"column":46}},"33":{"start":{"line":60,"column":15},"end":{"line":68,"column":1}},"34":{"start":{"line":61,"column":4},"end":{"line":66,"column":5}},"35":{"start":{"line":62,"column":21},"end":{"line":62,"column":76}},"36":{"start":{"line":63,"column":8},"end":{"line":63,"column":35}},"37":{"start":{"line":65,"column":8},"end":{"line":65,"column":46}},"38":{"start":{"line":70,"column":16},"end":{"line":78,"column":1}},"39":{"start":{"line":71,"column":4},"end":{"line":76,"column":5}},"40":{"start":{"line":72,"column":21},"end":{"line":72,"column":73}},"41":{"start":{"line":73,"column":8},"end":{"line":73,"column":35}},"42":{"start":{"line":75,"column":8},"end":{"line":75,"column":46}},"43":{"start":{"line":80,"column":19},"end":{"line":87,"column":1}},"44":{"start":{"line":81,"column":4},"end":{"line":86,"column":5}},"45":{"start":{"line":82,"column":19},"end":{"line":82,"column":74}},"46":{"start":{"line":83,"column":8},"end":{"line":83,"column":62}},"47":{"start":{"line":85,"column":8},"end":{"line":85,"column":46}},"48":{"start":{"line":89,"column":19},"end":{"line":97,"column":1}},"49":{"start":{"line":90,"column":4},"end":{"line":95,"column":5}},"50":{"start":{"line":91,"column":21},"end":{"line":91,"column":67}},"51":{"start":{"line":92,"column":8},"end":{"line":92,"column":35}},"52":{"start":{"line":94,"column":8},"end":{"line":94,"column":46}},"53":{"start":{"line":102,"column":0},"end":{"line":113,"column":1}}},"fnMap":{"0":{"name":"(anonymous_0)","decl":{"start":{"line":8,"column":16},"end":{"line":8,"column":17}},"loc":{"start":{"line":8,"column":32},"end":{"line":20,"column":1}},"line":8},"1":{"name":"(anonymous_1)","decl":{"start":{"line":23,"column":16},"end":{"line":23,"column":17}},"loc":{"start":{"line":23,"column":32},"end":{"line":39,"column":1}},"line":23},"2":{"name":"(anonymous_2)","decl":{"start":{"line":41,"column":13},"end":{"line":41,"column":14}},"loc":{"start":{"line":41,"column":29},"end":{"line":49,"column":1}},"line":41},"3":{"name":"(anonymous_3)","decl":{"start":{"line":51,"column":17},"end":{"line":51,"column":18}},"loc":{"start":{"line":51,"column":33},"end":{"line":58,"column":1}},"line":51},"4":{"name":"(anonymous_4)","decl":{"start":{"line":60,"column":15},"end":{"line":60,"column":16}},"loc":{"start":{"line":60,"column":31},"end":{"line":68,"column":1}},"line":60},"5":{"name":"(anonymous_5)","decl":{"start":{"line":70,"column":16},"end":{"line":70,"column":17}},"loc":{"start":{"line":70,"column":32},"end":{"line":78,"column":1}},"line":70},"6":{"name":"(anonymous_6)","decl":{"start":{"line":80,"column":19},"end":{"line":80,"column":20}},"loc":{"start":{"line":80,"column":35},"end":{"line":87,"column":1}},"line":80},"7":{"name":"(anonymous_7)","decl":{"start":{"line":89,"column":19},"end":{"line":89,"column":20}},"loc":{"start":{"line":89,"column":35},"end":{"line":97,"column":1}},"line":89}},"branchMap":{"0":{"loc":{"start":{"line":29,"column":4},"end":{"line":30,"column":84}},"type":"if","locations":[{"start":{"line":29,"column":4},"end":{"line":30,"column":84}},{"start":{},"end":{}}],"line":29},"1":{"loc":{"start":{"line":29,"column":8},"end":{"line":29,"column":73}},"type":"binary-expr","locations":[{"start":{"line":29,"column":8},"end":{"line":29,"column":20}},{"start":{"line":29,"column":24},"end":{"line":29,"column":33}},{"start":{"line":29,"column":37},"end":{"line":29,"column":49}},{"start":{"line":29,"column":54},"end":{"line":29,"column":60}},{"start":{"line":29,"column":64},"end":{"line":29,"column":73}}],"line":29}},"s":{"0":1,"1":1,"2":1,"3":1,"4":1,"5":1,"6":0,"7":0,"8":0,"9":0,"10":0,"11":0,"12":0,"13":1,"14":0,"15":0,"16":0,"17":0,"18":0,"19":0,"20":0,"21":0,"22":0,"23":1,"24":0,"25":0,"26":0,"27":0,"28":1,"29":0,"30":0,"31":0,"32":0,"33":1,"34":0,"35":0,"36":0,"37":0,"38":1,"39":0,"40":0,"41":0,"42":0,"43":1,"44":0,"45":0,"46":0,"47":0,"48":1,"49":0,"50":0,"51":0,"52":0,"53":1},"f":{"0":0,"1":0,"2":0,"3":0,"4":0,"5":0,"6":0,"7":0},"b":{"0":[0,0],"1":[0,0,0,0,0]},"_coverageSchema":"1a1c01bbd47fc00a2c39e90264f33305004495a9","hash":"ee0d4606d19aacc2459c1ef46a7ca6cdb3613709"}
,"/Users/anshbhatt/Desktop/Task/nodeLp/controllers/user.js": {"path":"/Users/anshbhatt/Desktop/Task/nodeLp/controllers/user.js","statementMap":{"0":{"start":{"line":1,"column":16},"end":{"line":1,"column":34}},"1":{"start":{"line":2,"column":12},"end":{"line":2,"column":21}},"2":{"start":{"line":3,"column":15},"end":{"line":3,"column":32}},"3":{"start":{"line":4,"column":12},"end":{"line":4,"column":35}},"4":{"start":{"line":5,"column":15},"end":{"line":5,"column":32}},"5":{"start":{"line":6,"column":21},"end":{"line":6,"column":46}},"6":{"start":{"line":9,"column":0},"end":{"line":9,"column":16}},"7":{"start":{"line":11,"column":13},"end":{"line":11,"column":38}},"8":{"start":{"line":13,"column":0},"end":{"line":13,"column":24}},"9":{"start":{"line":16,"column":16},"end":{"line":42,"column":1}},"10":{"start":{"line":18,"column":42},"end":{"line":18,"column":50}},"11":{"start":{"line":19,"column":4},"end":{"line":20,"column":66}},"12":{"start":{"line":20,"column":4},"end":{"line":20,"column":66}},"13":{"start":{"line":21,"column":24},"end":{"line":21,"column":51}},"14":{"start":{"line":22,"column":8},"end":{"line":25,"column":9}},"15":{"start":{"line":24,"column":12},"end":{"line":24,"column":105}},"16":{"start":{"line":26,"column":8},"end":{"line":41,"column":5}},"17":{"start":{"line":27,"column":25},"end":{"line":27,"column":43}},"18":{"start":{"line":28,"column":12},"end":{"line":28,"column":30}},"19":{"start":{"line":29,"column":25},"end":{"line":35,"column":14}},"20":{"start":{"line":36,"column":12},"end":{"line":36,"column":30}},"21":{"start":{"line":38,"column":12},"end":{"line":38,"column":39}},"22":{"start":{"line":40,"column":8},"end":{"line":40,"column":59}},"23":{"start":{"line":46,"column":17},"end":{"line":85,"column":1}},"24":{"start":{"line":47,"column":8},"end":{"line":84,"column":5}},"25":{"start":{"line":48,"column":37},"end":{"line":48,"column":45}},"26":{"start":{"line":49,"column":31},"end":{"line":49,"column":64}},"27":{"start":{"line":50,"column":12},"end":{"line":50,"column":35}},"28":{"start":{"line":53,"column":12},"end":{"line":81,"column":13}},"29":{"start":{"line":57,"column":38},"end":{"line":57,"column":87}},"30":{"start":{"line":59,"column":16},"end":{"line":76,"column":17}},"31":{"start":{"line":61,"column":34},"end":{"line":61,"column":98}},"32":{"start":{"line":62,"column":20},"end":{"line":62,"column":39}},"33":{"start":{"line":65,"column":37},"end":{"line":65,"column":128}},"34":{"start":{"line":66,"column":20},"end":{"line":66,"column":43}},"35":{"start":{"line":67,"column":20},"end":{"line":70,"column":23}},"36":{"start":{"line":75,"column":20},"end":{"line":75,"column":84}},"37":{"start":{"line":80,"column":16},"end":{"line":80,"column":79}},"38":{"start":{"line":83,"column":8},"end":{"line":83,"column":46}},"39":{"start":{"line":87,"column":15},"end":{"line":100,"column":1}},"40":{"start":{"line":88,"column":4},"end":{"line":99,"column":5}},"41":{"start":{"line":90,"column":19},"end":{"line":90,"column":27}},"42":{"start":{"line":91,"column":8},"end":{"line":91,"column":26}},"43":{"start":{"line":92,"column":8},"end":{"line":92,"column":23}},"44":{"start":{"line":93,"column":22},"end":{"line":93,"column":39}},"45":{"start":{"line":94,"column":8},"end":{"line":94,"column":54}},"46":{"start":{"line":97,"column":8},"end":{"line":97,"column":57}},"47":{"start":{"line":103,"column":14},"end":{"line":111,"column":1}},"48":{"start":{"line":104,"column":4},"end":{"line":109,"column":5}},"49":{"start":{"line":105,"column":19},"end":{"line":105,"column":36}},"50":{"start":{"line":106,"column":8},"end":{"line":106,"column":35}},"51":{"start":{"line":108,"column":8},"end":{"line":108,"column":46}},"52":{"start":{"line":113,"column":17},"end":{"line":121,"column":1}},"53":{"start":{"line":114,"column":4},"end":{"line":119,"column":5}},"54":{"start":{"line":115,"column":21},"end":{"line":115,"column":63}},"55":{"start":{"line":116,"column":8},"end":{"line":116,"column":35}},"56":{"start":{"line":118,"column":8},"end":{"line":118,"column":46}},"57":{"start":{"line":123,"column":18},"end":{"line":131,"column":1}},"58":{"start":{"line":124,"column":4},"end":{"line":129,"column":5}},"59":{"start":{"line":125,"column":21},"end":{"line":125,"column":65}},"60":{"start":{"line":126,"column":8},"end":{"line":126,"column":35}},"61":{"start":{"line":128,"column":8},"end":{"line":128,"column":46}},"62":{"start":{"line":133,"column":19},"end":{"line":140,"column":1}},"63":{"start":{"line":134,"column":4},"end":{"line":139,"column":5}},"64":{"start":{"line":135,"column":19},"end":{"line":135,"column":73}},"65":{"start":{"line":136,"column":8},"end":{"line":136,"column":63}},"66":{"start":{"line":138,"column":8},"end":{"line":138,"column":46}},"67":{"start":{"line":142,"column":19},"end":{"line":150,"column":1}},"68":{"start":{"line":143,"column":4},"end":{"line":148,"column":5}},"69":{"start":{"line":144,"column":21},"end":{"line":144,"column":64}},"70":{"start":{"line":145,"column":8},"end":{"line":145,"column":35}},"71":{"start":{"line":147,"column":8},"end":{"line":147,"column":46}},"72":{"start":{"line":153,"column":0},"end":{"line":162,"column":2}}},"fnMap":{"0":{"name":"(anonymous_0)","decl":{"start":{"line":16,"column":16},"end":{"line":16,"column":17}},"loc":{"start":{"line":16,"column":32},"end":{"line":42,"column":1}},"line":16},"1":{"name":"(anonymous_1)","decl":{"start":{"line":46,"column":17},"end":{"line":46,"column":18}},"loc":{"start":{"line":46,"column":33},"end":{"line":85,"column":1}},"line":46},"2":{"name":"(anonymous_2)","decl":{"start":{"line":87,"column":15},"end":{"line":87,"column":16}},"loc":{"start":{"line":87,"column":31},"end":{"line":100,"column":1}},"line":87},"3":{"name":"(anonymous_3)","decl":{"start":{"line":103,"column":14},"end":{"line":103,"column":15}},"loc":{"start":{"line":103,"column":30},"end":{"line":111,"column":1}},"line":103},"4":{"name":"(anonymous_4)","decl":{"start":{"line":113,"column":17},"end":{"line":113,"column":18}},"loc":{"start":{"line":113,"column":33},"end":{"line":121,"column":1}},"line":113},"5":{"name":"(anonymous_5)","decl":{"start":{"line":123,"column":18},"end":{"line":123,"column":19}},"loc":{"start":{"line":123,"column":34},"end":{"line":131,"column":1}},"line":123},"6":{"name":"(anonymous_6)","decl":{"start":{"line":133,"column":19},"end":{"line":133,"column":20}},"loc":{"start":{"line":133,"column":35},"end":{"line":140,"column":1}},"line":133},"7":{"name":"(anonymous_7)","decl":{"start":{"line":142,"column":19},"end":{"line":142,"column":20}},"loc":{"start":{"line":142,"column":35},"end":{"line":150,"column":1}},"line":142}},"branchMap":{"0":{"loc":{"start":{"line":19,"column":4},"end":{"line":20,"column":66}},"type":"if","locations":[{"start":{"line":19,"column":4},"end":{"line":20,"column":66}},{"start":{},"end":{}}],"line":19},"1":{"loc":{"start":{"line":19,"column":7},"end":{"line":19,"column":45}},"type":"binary-expr","locations":[{"start":{"line":19,"column":7},"end":{"line":19,"column":13}},{"start":{"line":19,"column":17},"end":{"line":19,"column":22}},{"start":{"line":19,"column":26},"end":{"line":19,"column":32}},{"start":{"line":19,"column":36},"end":{"line":19,"column":45}}],"line":19},"2":{"loc":{"start":{"line":22,"column":8},"end":{"line":25,"column":9}},"type":"if","locations":[{"start":{"line":22,"column":8},"end":{"line":25,"column":9}},{"start":{},"end":{}}],"line":22},"3":{"loc":{"start":{"line":53,"column":12},"end":{"line":81,"column":13}},"type":"if","locations":[{"start":{"line":53,"column":12},"end":{"line":81,"column":13}},{"start":{"line":79,"column":12},"end":{"line":81,"column":13}}],"line":53},"4":{"loc":{"start":{"line":59,"column":16},"end":{"line":76,"column":17}},"type":"if","locations":[{"start":{"line":59,"column":16},"end":{"line":76,"column":17}},{"start":{"line":74,"column":16},"end":{"line":76,"column":17}}],"line":59}},"s":{"0":1,"1":1,"2":1,"3":1,"4":1,"5":1,"6":1,"7":1,"8":1,"9":1,"10":0,"11":0,"12":0,"13":0,"14":0,"15":0,"16":0,"17":0,"18":0,"19":0,"20":0,"21":0,"22":0,"23":1,"24":0,"25":0,"26":0,"27":0,"28":0,"29":0,"30":0,"31":0,"32":0,"33":0,"34":0,"35":0,"36":0,"37":0,"38":0,"39":1,"40":0,"41":0,"42":0,"43":0,"44":0,"45":0,"46":0,"47":1,"48":0,"49":0,"50":0,"51":0,"52":1,"53":0,"54":0,"55":0,"56":0,"57":1,"58":0,"59":0,"60":0,"61":0,"62":1,"63":0,"64":0,"65":0,"66":0,"67":1,"68":0,"69":0,"70":0,"71":0,"72":1},"f":{"0":0,"1":0,"2":0,"3":0,"4":0,"5":0,"6":0,"7":0},"b":{"0":[0,0],"1":[0,0,0,0],"2":[0,0],"3":[0,0],"4":[0,0]},"_coverageSchema":"1a1c01bbd47fc00a2c39e90264f33305004495a9","hash":"fa366119f31a74bcedb527a8228caac27ce5cc07"}
,"/Users/anshbhatt/Desktop/Task/nodeLp/middleware/auth.js": {"path":"/Users/anshbhatt/Desktop/Task/nodeLp/middleware/auth.js","statementMap":{"0":{"start":{"line":1,"column":12},"end":{"line":1,"column":35}},"1":{"start":{"line":2,"column":15},"end":{"line":2,"column":32}},"2":{"start":{"line":3,"column":0},"end":{"line":3,"column":16}},"3":{"start":{"line":4,"column":13},"end":{"line":4,"column":38}},"4":{"start":{"line":6,"column":13},"end":{"line":25,"column":1}},"5":{"start":{"line":7,"column":4},"end":{"line":24,"column":5}},"6":{"start":{"line":8,"column":23},"end":{"line":8,"column":51}},"7":{"start":{"line":9,"column":8},"end":{"line":9,"column":28}},"8":{"start":{"line":10,"column":8},"end":{"line":21,"column":9}},"9":{"start":{"line":11,"column":26},"end":{"line":11,"column":46}},"10":{"start":{"line":12,"column":34},"end":{"line":12,"column":75}},"11":{"start":{"line":13,"column":23},"end":{"line":13,"column":70}},"12":{"start":{"line":14,"column":12},"end":{"line":14,"column":26}},"13":{"start":{"line":16,"column":12},"end":{"line":16,"column":19}},"14":{"start":{"line":20,"column":12},"end":{"line":20,"column":48}},"15":{"start":{"line":23,"column":8},"end":{"line":23,"column":46}},"16":{"start":{"line":26,"column":14},"end":{"line":39,"column":1}},"17":{"start":{"line":27,"column":4},"end":{"line":38,"column":9}},"18":{"start":{"line":29,"column":12},"end":{"line":35,"column":12}},"19":{"start":{"line":30,"column":15},"end":{"line":30,"column":22}},"20":{"start":{"line":34,"column":15},"end":{"line":34,"column":67}},"21":{"start":{"line":37,"column":10},"end":{"line":37,"column":59}},"22":{"start":{"line":42,"column":0},"end":{"line":42,"column":28}}},"fnMap":{"0":{"name":"(anonymous_0)","decl":{"start":{"line":6,"column":13},"end":{"line":6,"column":14}},"loc":{"start":{"line":6,"column":34},"end":{"line":25,"column":1}},"line":6},"1":{"name":"(anonymous_1)","decl":{"start":{"line":26,"column":14},"end":{"line":26,"column":15}},"loc":{"start":{"line":26,"column":35},"end":{"line":39,"column":1}},"line":26}},"branchMap":{"0":{"loc":{"start":{"line":10,"column":8},"end":{"line":21,"column":9}},"type":"if","locations":[{"start":{"line":10,"column":8},"end":{"line":21,"column":9}},{"start":{"line":19,"column":8},"end":{"line":21,"column":9}}],"line":10},"1":{"loc":{"start":{"line":29,"column":12},"end":{"line":35,"column":12}},"type":"if","locations":[{"start":{"line":29,"column":12},"end":{"line":35,"column":12}},{"start":{"line":33,"column":11},"end":{"line":35,"column":12}}],"line":29}},"s":{"0":1,"1":1,"2":1,"3":1,"4":1,"5":0,"6":0,"7":0,"8":0,"9":0,"10":0,"11":0,"12":0,"13":0,"14":0,"15":0,"16":1,"17":0,"18":0,"19":0,"20":0,"21":0,"22":1},"f":{"0":0,"1":0},"b":{"0":[0,0],"1":[0,0]},"_coverageSchema":"1a1c01bbd47fc00a2c39e90264f33305004495a9","hash":"db2b5250c717456a66d999625f0616705bd5562d"}
,"/Users/anshbhatt/Desktop/Task/nodeLp/models/cart.js": {"path":"/Users/anshbhatt/Desktop/Task/nodeLp/models/cart.js","statementMap":{"0":{"start":{"line":1,"column":17},"end":{"line":1,"column":36}},"1":{"start":{"line":2,"column":19},"end":{"line":21,"column":3}},"2":{"start":{"line":23,"column":2},"end":{"line":23,"column":54}}},"fnMap":{},"branchMap":{},"s":{"0":1,"1":1,"2":1},"f":{},"b":{},"_coverageSchema":"1a1c01bbd47fc00a2c39e90264f33305004495a9","hash":"4c39e443696f126b2c5d4491bb3a4802c1dae012"}
,"/Users/anshbhatt/Desktop/Task/nodeLp/models/order.js": {"path":"/Users/anshbhatt/Desktop/Task/nodeLp/models/order.js","statementMap":{"0":{"start":{"line":1,"column":22},"end":{"line":1,"column":40}},"1":{"start":{"line":2,"column":15},"end":{"line":2,"column":34}},"2":{"start":{"line":3,"column":15},"end":{"line":3,"column":32}},"3":{"start":{"line":4,"column":21},"end":{"line":4,"column":46}},"4":{"start":{"line":5,"column":13},"end":{"line":5,"column":30}},"5":{"start":{"line":6,"column":21},"end":{"line":32,"column":1}},"6":{"start":{"line":33,"column":0},"end":{"line":50,"column":7}},"7":{"start":{"line":36,"column":7},"end":{"line":36,"column":45}},"8":{"start":{"line":37,"column":7},"end":{"line":37,"column":44}},"9":{"start":{"line":38,"column":17},"end":{"line":38,"column":68}},"10":{"start":{"line":39,"column":5},"end":{"line":39,"column":23}},"11":{"start":{"line":40,"column":21},"end":{"line":46,"column":10}},"12":{"start":{"line":47,"column":8},"end":{"line":47,"column":26}},"13":{"start":{"line":49,"column":8},"end":{"line":49,"column":15}},"14":{"start":{"line":51,"column":14},"end":{"line":51,"column":50}},"15":{"start":{"line":52,"column":0},"end":{"line":52,"column":22}}},"fnMap":{"0":{"name":"(anonymous_0)","decl":{"start":{"line":33,"column":26},"end":{"line":33,"column":27}},"loc":{"start":{"line":33,"column":52},"end":{"line":50,"column":5}},"line":33}},"branchMap":{},"s":{"0":1,"1":1,"2":1,"3":1,"4":1,"5":1,"6":1,"7":0,"8":0,"9":0,"10":0,"11":0,"12":0,"13":0,"14":1,"15":1},"f":{"0":0},"b":{},"_coverageSchema":"1a1c01bbd47fc00a2c39e90264f33305004495a9","hash":"85e8fccbc39f9c22952db6b0b7b1772ee0360d55"}
,"/Users/anshbhatt/Desktop/Task/nodeLp/models/product.js": {"path":"/Users/anshbhatt/Desktop/Task/nodeLp/models/product.js","statementMap":{"0":{"start":{"line":1,"column":17},"end":{"line":1,"column":36}},"1":{"start":{"line":3,"column":22},"end":{"line":40,"column":1}},"2":{"start":{"line":42,"column":16},"end":{"line":42,"column":55}},"3":{"start":{"line":43,"column":0},"end":{"line":43,"column":23}}},"fnMap":{},"branchMap":{},"s":{"0":1,"1":1,"2":1,"3":1},"f":{},"b":{},"_coverageSchema":"1a1c01bbd47fc00a2c39e90264f33305004495a9","hash":"71a3f582321673911c3469a69a26c650560297a1"}
,"/Users/anshbhatt/Desktop/Task/nodeLp/models/user.js": {"path":"/Users/anshbhatt/Desktop/Task/nodeLp/models/user.js","statementMap":{"0":{"start":{"line":1,"column":17},"end":{"line":1,"column":36}},"1":{"start":{"line":2,"column":18},"end":{"line":2,"column":38}},"2":{"start":{"line":3,"column":12},"end":{"line":3,"column":35}},"3":{"start":{"line":4,"column":15},"end":{"line":4,"column":32}},"4":{"start":{"line":5,"column":15},"end":{"line":5,"column":32}},"5":{"start":{"line":6,"column":0},"end":{"line":6,"column":16}},"6":{"start":{"line":7,"column":19},"end":{"line":51,"column":1}},"7":{"start":{"line":26,"column":8},"end":{"line":28,"column":9}},"8":{"start":{"line":27,"column":12},"end":{"line":27,"column":45}},"9":{"start":{"line":52,"column":0},"end":{"line":55,"column":2}},"10":{"start":{"line":53,"column":4},"end":{"line":53,"column":41}},"11":{"start":{"line":54,"column":4},"end":{"line":54,"column":11}},"12":{"start":{"line":58,"column":0},"end":{"line":64,"column":3}},"13":{"start":{"line":59,"column":4},"end":{"line":62,"column":5}},"14":{"start":{"line":61,"column":8},"end":{"line":61,"column":56}},"15":{"start":{"line":63,"column":4},"end":{"line":63,"column":11}},"16":{"start":{"line":67,"column":11},"end":{"line":67,"column":44}},"17":{"start":{"line":68,"column":0},"end":{"line":68,"column":20}}},"fnMap":{"0":{"name":"(anonymous_0)","decl":{"start":{"line":25,"column":4},"end":{"line":25,"column":5}},"loc":{"start":{"line":25,"column":19},"end":{"line":29,"column":5}},"line":25},"1":{"name":"(anonymous_1)","decl":{"start":{"line":52,"column":23},"end":{"line":52,"column":24}},"loc":{"start":{"line":52,"column":41},"end":{"line":55,"column":1}},"line":52},"2":{"name":"(anonymous_2)","decl":{"start":{"line":58,"column":22},"end":{"line":58,"column":23}},"loc":{"start":{"line":58,"column":42},"end":{"line":64,"column":1}},"line":58}},"branchMap":{"0":{"loc":{"start":{"line":26,"column":8},"end":{"line":28,"column":9}},"type":"if","locations":[{"start":{"line":26,"column":8},"end":{"line":28,"column":9}},{"start":{},"end":{}}],"line":26},"1":{"loc":{"start":{"line":59,"column":4},"end":{"line":62,"column":5}},"type":"if","locations":[{"start":{"line":59,"column":4},"end":{"line":62,"column":5}},{"start":{},"end":{}}],"line":59}},"s":{"0":1,"1":1,"2":1,"3":1,"4":1,"5":1,"6":1,"7":0,"8":0,"9":1,"10":0,"11":0,"12":1,"13":0,"14":0,"15":0,"16":1,"17":1},"f":{"0":0,"1":0,"2":0},"b":{"0":[0,0],"1":[0,0]},"_coverageSchema":"1a1c01bbd47fc00a2c39e90264f33305004495a9","hash":"1598cc108641a5ce69967440eb7dbb628be70cba"}
,"/Users/anshbhatt/Desktop/Task/nodeLp/routes/cart.js": {"path":"/Users/anshbhatt/Desktop/Task/nodeLp/routes/cart.js","statementMap":{"0":{"start":{"line":1,"column":16},"end":{"line":1,"column":34}},"1":{"start":{"line":2,"column":15},"end":{"line":2,"column":35}},"2":{"start":{"line":3,"column":12},"end":{"line":3,"column":21}},"3":{"start":{"line":4,"column":0},"end":{"line":4,"column":24}},"4":{"start":{"line":5,"column":42},"end":{"line":5,"column":72}},"5":{"start":{"line":6,"column":23},"end":{"line":6,"column":52}},"6":{"start":{"line":9,"column":0},"end":{"line":9,"column":56}},"7":{"start":{"line":10,"column":0},"end":{"line":10,"column":133}},"8":{"start":{"line":10,"column":62},"end":{"line":10,"column":89}},"9":{"start":{"line":10,"column":90},"end":{"line":10,"column":97}},"10":{"start":{"line":11,"column":0},"end":{"line":11,"column":69}},"11":{"start":{"line":13,"column":0},"end":{"line":13,"column":24}}},"fnMap":{"0":{"name":"(anonymous_0)","decl":{"start":{"line":10,"column":40},"end":{"line":10,"column":41}},"loc":{"start":{"line":10,"column":61},"end":{"line":10,"column":98}},"line":10}},"branchMap":{},"s":{"0":1,"1":1,"2":1,"3":1,"4":1,"5":1,"6":1,"7":1,"8":0,"9":0,"10":1,"11":1},"f":{"0":0},"b":{},"_coverageSchema":"1a1c01bbd47fc00a2c39e90264f33305004495a9","hash":"99746130a422d27afee1c27a88df899a08ce116e"}
,"/Users/anshbhatt/Desktop/Task/nodeLp/routes/order.js": {"path":"/Users/anshbhatt/Desktop/Task/nodeLp/routes/order.js","statementMap":{"0":{"start":{"line":1,"column":16},"end":{"line":1,"column":34}},"1":{"start":{"line":2,"column":15},"end":{"line":2,"column":35}},"2":{"start":{"line":3,"column":12},"end":{"line":3,"column":21}},"3":{"start":{"line":4,"column":0},"end":{"line":4,"column":24}},"4":{"start":{"line":5,"column":23},"end":{"line":5,"column":52}},"5":{"start":{"line":6,"column":48},"end":{"line":6,"column":89}},"6":{"start":{"line":8,"column":0},"end":{"line":8,"column":82}},"7":{"start":{"line":9,"column":0},"end":{"line":9,"column":58}},"8":{"start":{"line":10,"column":0},"end":{"line":10,"column":59}},"9":{"start":{"line":12,"column":0},"end":{"line":12,"column":25}}},"fnMap":{},"branchMap":{},"s":{"0":1,"1":1,"2":1,"3":1,"4":1,"5":1,"6":1,"7":1,"8":1,"9":1},"f":{},"b":{},"_coverageSchema":"1a1c01bbd47fc00a2c39e90264f33305004495a9","hash":"0ad72fd871393f76f03813012b2ab32e0f891312"}
,"/Users/anshbhatt/Desktop/Task/nodeLp/routes/product.js": {"path":"/Users/anshbhatt/Desktop/Task/nodeLp/routes/product.js","statementMap":{"0":{"start":{"line":1,"column":16},"end":{"line":1,"column":34}},"1":{"start":{"line":2,"column":15},"end":{"line":2,"column":35}},"2":{"start":{"line":3,"column":12},"end":{"line":3,"column":21}},"3":{"start":{"line":4,"column":0},"end":{"line":4,"column":24}},"4":{"start":{"line":5,"column":23},"end":{"line":5,"column":52}},"5":{"start":{"line":6,"column":28},"end":{"line":6,"column":62}},"6":{"start":{"line":16,"column":4},"end":{"line":16,"column":37}},"7":{"start":{"line":19,"column":0},"end":{"line":19,"column":85}},"8":{"start":{"line":20,"column":0},"end":{"line":20,"column":53}},"9":{"start":{"line":21,"column":0},"end":{"line":21,"column":57}},"10":{"start":{"line":22,"column":0},"end":{"line":22,"column":46}},"11":{"start":{"line":23,"column":0},"end":{"line":23,"column":56}},"12":{"start":{"line":24,"column":0},"end":{"line":24,"column":51}},"13":{"start":{"line":25,"column":0},"end":{"line":25,"column":53}},"14":{"start":{"line":26,"column":0},"end":{"line":26,"column":54}},"15":{"start":{"line":27,"column":0},"end":{"line":27,"column":54}},"16":{"start":{"line":30,"column":0},"end":{"line":30,"column":22}}},"fnMap":{},"branchMap":{},"s":{"0":1,"1":1,"2":1,"3":1,"4":1,"5":1,"6":1,"7":1,"8":1,"9":1,"10":1,"11":1,"12":1,"13":1,"14":1,"15":1,"16":1},"f":{},"b":{},"_coverageSchema":"1a1c01bbd47fc00a2c39e90264f33305004495a9","hash":"c937fc06057f040ad4c80e307b845af2f5a08a10"}
,"/Users/anshbhatt/Desktop/Task/nodeLp/routes/user.js": {"path":"/Users/anshbhatt/Desktop/Task/nodeLp/routes/user.js","statementMap":{"0":{"start":{"line":1,"column":16},"end":{"line":1,"column":34}},"1":{"start":{"line":2,"column":15},"end":{"line":2,"column":35}},"2":{"start":{"line":3,"column":12},"end":{"line":3,"column":21}},"3":{"start":{"line":4,"column":23},"end":{"line":4,"column":52}},"4":{"start":{"line":5,"column":29},"end":{"line":5,"column":64}},"5":{"start":{"line":6,"column":0},"end":{"line":6,"column":24}},"6":{"start":{"line":16,"column":4},"end":{"line":16,"column":34}},"7":{"start":{"line":19,"column":0},"end":{"line":19,"column":86}},"8":{"start":{"line":20,"column":0},"end":{"line":20,"column":32}},"9":{"start":{"line":21,"column":0},"end":{"line":21,"column":36}},"10":{"start":{"line":22,"column":0},"end":{"line":22,"column":53}},"11":{"start":{"line":23,"column":0},"end":{"line":23,"column":47}},"12":{"start":{"line":24,"column":0},"end":{"line":24,"column":76}},"13":{"start":{"line":25,"column":0},"end":{"line":25,"column":76}},"14":{"start":{"line":26,"column":0},"end":{"line":26,"column":75}},"15":{"start":{"line":27,"column":0},"end":{"line":27,"column":76}},"16":{"start":{"line":31,"column":0},"end":{"line":31,"column":22}}},"fnMap":{},"branchMap":{},"s":{"0":1,"1":1,"2":1,"3":1,"4":1,"5":1,"6":1,"7":1,"8":1,"9":1,"10":1,"11":1,"12":1,"13":1,"14":1,"15":1,"16":1},"f":{},"b":{},"_coverageSchema":"1a1c01bbd47fc00a2c39e90264f33305004495a9","hash":"b4e158f76d1afe2380f7b220d283c792246dd81a"}
}
