{"/Users/anshbhatt/Desktop/Task/nodeLp/app.js": {"path":"/Users/anshbhatt/Desktop/Task/nodeLp/app.js","statementMap":{"0":{"start":{"line":1,"column":16},"end":{"line":1,"column":34}},"1":{"start":{"line":2,"column":12},"end":{"line":2,"column":21}},"2":{"start":{"line":3,"column":17},"end":{"line":3,"column":36}},"3":{"start":{"line":4,"column":15},"end":{"line":4,"column":32}},"4":{"start":{"line":5,"column":15},"end":{"line":5,"column":32}},"5":{"start":{"line":7,"column":0},"end":{"line":7,"column":16}},"6":{"start":{"line":9,"column":18},"end":{"line":9,"column":42}},"7":{"start":{"line":10,"column":18},"end":{"line":10,"column":45}},"8":{"start":{"line":11,"column":18},"end":{"line":11,"column":42}},"9":{"start":{"line":12,"column":19},"end":{"line":12,"column":44}},"10":{"start":{"line":15,"column":11},"end":{"line":15,"column":32}},"11":{"start":{"line":17,"column":0},"end":{"line":17,"column":24}},"12":{"start":{"line":18,"column":0},"end":{"line":18,"column":24}},"13":{"start":{"line":21,"column":0},"end":{"line":26,"column":36}},"14":{"start":{"line":26,"column":13},"end":{"line":26,"column":35}},"15":{"start":{"line":32,"column":0},"end":{"line":32,"column":30}},"16":{"start":{"line":35,"column":0},"end":{"line":35,"column":27}},"17":{"start":{"line":37,"column":0},"end":{"line":37,"column":27}},"18":{"start":{"line":39,"column":0},"end":{"line":39,"column":31}},"19":{"start":{"line":41,"column":0},"end":{"line":43,"column":3}},"20":{"start":{"line":44,"column":0},"end":{"line":44,"column":19}}},"fnMap":{"0":{"name":"(anonymous_0)","decl":{"start":{"line":26,"column":7},"end":{"line":26,"column":8}},"loc":{"start":{"line":26,"column":13},"end":{"line":26,"column":35}},"line":26},"1":{"name":"(anonymous_1)","decl":{"start":{"line":41,"column":8},"end":{"line":41,"column":9}},"loc":{"start":{"line":41,"column":24},"end":{"line":43,"column":1}},"line":41}},"branchMap":{},"s":{"0":4,"1":4,"2":4,"3":4,"4":4,"5":4,"6":4,"7":4,"8":4,"9":4,"10":4,"11":4,"12":4,"13":4,"14":4,"15":4,"16":4,"17":4,"18":4,"19":4,"20":4},"f":{"0":4,"1":0},"b":{},"_coverageSchema":"1a1c01bbd47fc00a2c39e90264f33305004495a9","hash":"c4ef5a473a78567d8ad233cb27ab57be67e8d832"}
,"/Users/anshbhatt/Desktop/Task/nodeLp/Fileupload/prodImage.js": {"path":"/Users/anshbhatt/Desktop/Task/nodeLp/Fileupload/prodImage.js","statementMap":{"0":{"start":{"line":1,"column":16},"end":{"line":1,"column":34}},"1":{"start":{"line":2,"column":16},"end":{"line":2,"column":44}},"2":{"start":{"line":3,"column":16},"end":{"line":3,"column":33}},"3":{"start":{"line":4,"column":12},"end":{"line":4,"column":21}},"4":{"start":{"line":6,"column":0},"end":{"line":6,"column":24}},"5":{"start":{"line":8,"column":16},"end":{"line":8,"column":38}},"6":{"start":{"line":9,"column":15},"end":{"line":9,"column":40}},"7":{"start":{"line":11,"column":17},"end":{"line":35,"column":1}},"8":{"start":{"line":13,"column":4},"end":{"line":34,"column":5}},"9":{"start":{"line":16,"column":26},"end":{"line":16,"column":64}},"10":{"start":{"line":17,"column":8},"end":{"line":17,"column":32}},"11":{"start":{"line":19,"column":8},"end":{"line":19,"column":31}},"12":{"start":{"line":20,"column":18},"end":{"line":20,"column":20}},"13":{"start":{"line":21,"column":8},"end":{"line":26,"column":11}},"14":{"start":{"line":22,"column":24},"end":{"line":22,"column":105}},"15":{"start":{"line":23,"column":12},"end":{"line":23,"column":27}},"16":{"start":{"line":27,"column":8},"end":{"line":27,"column":25}},"17":{"start":{"line":28,"column":28},"end":{"line":28,"column":106}},"18":{"start":{"line":29,"column":8},"end":{"line":29,"column":45}},"19":{"start":{"line":33,"column":8},"end":{"line":33,"column":54}},"20":{"start":{"line":36,"column":0},"end":{"line":36,"column":33}}},"fnMap":{"0":{"name":"(anonymous_0)","decl":{"start":{"line":11,"column":17},"end":{"line":11,"column":18}},"loc":{"start":{"line":11,"column":33},"end":{"line":35,"column":1}},"line":11},"1":{"name":"(anonymous_1)","decl":{"start":{"line":21,"column":22},"end":{"line":21,"column":23}},"loc":{"start":{"line":21,"column":30},"end":{"line":26,"column":9}},"line":21}},"branchMap":{},"s":{"0":4,"1":4,"2":4,"3":4,"4":4,"5":4,"6":4,"7":4,"8":0,"9":0,"10":0,"11":0,"12":0,"13":0,"14":0,"15":0,"16":0,"17":0,"18":0,"19":0,"20":4},"f":{"0":0,"1":0},"b":{},"_coverageSchema":"1a1c01bbd47fc00a2c39e90264f33305004495a9","hash":"5ba1e2495e1ddef80fce1a6cb1b729f4bd64fa38"}
,"/Users/anshbhatt/Desktop/Task/nodeLp/Fileupload/profilePic.js": {"path":"/Users/anshbhatt/Desktop/Task/nodeLp/Fileupload/profilePic.js","statementMap":{"0":{"start":{"line":1,"column":16},"end":{"line":1,"column":34}},"1":{"start":{"line":2,"column":16},"end":{"line":2,"column":44}},"2":{"start":{"line":3,"column":16},"end":{"line":3,"column":33}},"3":{"start":{"line":4,"column":20},"end":{"line":4,"column":41}},"4":{"start":{"line":5,"column":12},"end":{"line":5,"column":21}},"5":{"start":{"line":6,"column":15},"end":{"line":6,"column":32}},"6":{"start":{"line":7,"column":13},"end":{"line":7,"column":38}},"7":{"start":{"line":8,"column":11},"end":{"line":8,"column":24}},"8":{"start":{"line":9,"column":30},"end":{"line":9,"column":55}},"9":{"start":{"line":11,"column":0},"end":{"line":11,"column":16}},"10":{"start":{"line":14,"column":0},"end":{"line":14,"column":24}},"11":{"start":{"line":15,"column":0},"end":{"line":21,"column":2}},"12":{"start":{"line":23,"column":16},"end":{"line":30,"column":2}},"13":{"start":{"line":25,"column":6},"end":{"line":25,"column":27}},"14":{"start":{"line":28,"column":6},"end":{"line":28,"column":33}},"15":{"start":{"line":36,"column":15},"end":{"line":36,"column":40}},"16":{"start":{"line":39,"column":19},"end":{"line":66,"column":1}},"17":{"start":{"line":41,"column":4},"end":{"line":65,"column":5}},"18":{"start":{"line":43,"column":8},"end":{"line":43,"column":30}},"19":{"start":{"line":48,"column":24},"end":{"line":48,"column":71}},"20":{"start":{"line":49,"column":8},"end":{"line":49,"column":28}},"21":{"start":{"line":50,"column":8},"end":{"line":50,"column":30}},"22":{"start":{"line":51,"column":8},"end":{"line":51,"column":37}},"23":{"start":{"line":52,"column":24},"end":{"line":52,"column":117}},"24":{"start":{"line":53,"column":8},"end":{"line":53,"column":29}},"25":{"start":{"line":56,"column":8},"end":{"line":59,"column":13}},"26":{"start":{"line":64,"column":8},"end":{"line":64,"column":36}},"27":{"start":{"line":67,"column":0},"end":{"line":67,"column":36}}},"fnMap":{"0":{"name":"(anonymous_0)","decl":{"start":{"line":24,"column":17},"end":{"line":24,"column":18}},"loc":{"start":{"line":24,"column":42},"end":{"line":26,"column":5}},"line":24},"1":{"name":"(anonymous_1)","decl":{"start":{"line":27,"column":14},"end":{"line":27,"column":15}},"loc":{"start":{"line":27,"column":39},"end":{"line":29,"column":5}},"line":27},"2":{"name":"(anonymous_2)","decl":{"start":{"line":39,"column":19},"end":{"line":39,"column":20}},"loc":{"start":{"line":39,"column":35},"end":{"line":66,"column":1}},"line":39}},"branchMap":{},"s":{"0":4,"1":4,"2":4,"3":4,"4":4,"5":4,"6":4,"7":4,"8":4,"9":4,"10":4,"11":4,"12":4,"13":0,"14":0,"15":4,"16":4,"17":0,"18":0,"19":0,"20":0,"21":0,"22":0,"23":0,"24":0,"25":0,"26":0,"27":4},"f":{"0":0,"1":0,"2":0},"b":{},"_coverageSchema":"1a1c01bbd47fc00a2c39e90264f33305004495a9","hash":"a07021d7adfcb9677a26baa6b63984351c60a8fb"}
,"/Users/anshbhatt/Desktop/Task/nodeLp/config/mail.js": {"path":"/Users/anshbhatt/Desktop/Task/nodeLp/config/mail.js","statementMap":{"0":{"start":{"line":1,"column":19},"end":{"line":1,"column":40}},"1":{"start":{"line":2,"column":15},"end":{"line":2,"column":41}},"2":{"start":{"line":3,"column":20},"end":{"line":11,"column":4}},"3":{"start":{"line":12,"column":0},"end":{"line":12,"column":29}}},"fnMap":{},"branchMap":{},"s":{"0":4,"1":4,"2":4,"3":4},"f":{},"b":{},"_coverageSchema":"1a1c01bbd47fc00a2c39e90264f33305004495a9","hash":"3ae296e25b71da05eb236dd55d108f16daff59c6"}
,"/Users/anshbhatt/Desktop/Task/nodeLp/controllers/cart.js": {"path":"/Users/anshbhatt/Desktop/Task/nodeLp/controllers/cart.js","statementMap":{"0":{"start":{"line":1,"column":16},"end":{"line":1,"column":34}},"1":{"start":{"line":2,"column":13},"end":{"line":2,"column":38}},"2":{"start":{"line":3,"column":12},"end":{"line":3,"column":21}},"3":{"start":{"line":4,"column":0},"end":{"line":4,"column":24}},"4":{"start":{"line":6,"column":17},"end":{"line":51,"column":3}},"5":{"start":{"line":8,"column":4},"end":{"line":8,"column":26}},"6":{"start":{"line":9,"column":4},"end":{"line":9,"column":31}},"7":{"start":{"line":10,"column":4},"end":{"line":10,"column":37}},"8":{"start":{"line":11,"column":4},"end":{"line":50,"column":5}},"9":{"start":{"line":12,"column":17},"end":{"line":12,"column":58}},"10":{"start":{"line":14,"column":6},"end":{"line":45,"column":7}},"11":{"start":{"line":16,"column":24},"end":{"line":16,"column":80}},"12":{"start":{"line":16,"column":53},"end":{"line":16,"column":79}},"13":{"start":{"line":18,"column":16},"end":{"line":32,"column":15}},"14":{"start":{"line":20,"column":16},"end":{"line":20,"column":39}},"15":{"start":{"line":24,"column":16},"end":{"line":24,"column":78}},"16":{"start":{"line":31,"column":16},"end":{"line":31,"column":92}},"17":{"start":{"line":33,"column":14},"end":{"line":33,"column":39}},"18":{"start":{"line":34,"column":14},"end":{"line":34,"column":81}},"19":{"start":{"line":39,"column":24},"end":{"line":41,"column":40}},"20":{"start":{"line":42,"column":8},"end":{"line":42,"column":29}},"21":{"start":{"line":43,"column":25},"end":{"line":43,"column":45}},"22":{"start":{"line":44,"column":8},"end":{"line":44,"column":78}},"23":{"start":{"line":48,"column":6},"end":{"line":48,"column":23}},"24":{"start":{"line":49,"column":6},"end":{"line":49,"column":51}},"25":{"start":{"line":53,"column":18},"end":{"line":73,"column":3}},"26":{"start":{"line":54,"column":4},"end":{"line":71,"column":5}},"27":{"start":{"line":56,"column":20},"end":{"line":58,"column":53}},"28":{"start":{"line":59,"column":4},"end":{"line":59,"column":26}},"29":{"start":{"line":60,"column":4},"end":{"line":63,"column":5}},"30":{"start":{"line":62,"column":6},"end":{"line":62,"column":72}},"31":{"start":{"line":66,"column":4},"end":{"line":66,"column":50}},"32":{"start":{"line":70,"column":6},"end":{"line":70,"column":50}},"33":{"start":{"line":76,"column":21},"end":{"line":115,"column":3}},"34":{"start":{"line":78,"column":0},"end":{"line":112,"column":3}},"35":{"start":{"line":79,"column":15},"end":{"line":79,"column":57}},"36":{"start":{"line":80,"column":4},"end":{"line":107,"column":5}},"37":{"start":{"line":82,"column":22},"end":{"line":82,"column":82}},"38":{"start":{"line":82,"column":51},"end":{"line":82,"column":81}},"39":{"start":{"line":83,"column":6},"end":{"line":105,"column":7}},"40":{"start":{"line":85,"column":8},"end":{"line":98,"column":9}},"41":{"start":{"line":88,"column":10},"end":{"line":88,"column":45}},"42":{"start":{"line":89,"column":10},"end":{"line":89,"column":28}},"43":{"start":{"line":90,"column":10},"end":{"line":90,"column":93}},"44":{"start":{"line":95,"column":10},"end":{"line":95,"column":47}},"45":{"start":{"line":96,"column":10},"end":{"line":96,"column":28}},"46":{"start":{"line":97,"column":10},"end":{"line":97,"column":114}},"47":{"start":{"line":104,"column":8},"end":{"line":104,"column":79}},"48":{"start":{"line":111,"column":4},"end":{"line":111,"column":50}},"49":{"start":{"line":116,"column":2},"end":{"line":116,"column":53}}},"fnMap":{"0":{"name":"(anonymous_0)","decl":{"start":{"line":6,"column":17},"end":{"line":6,"column":18}},"loc":{"start":{"line":6,"column":37},"end":{"line":51,"column":3}},"line":6},"1":{"name":"(anonymous_1)","decl":{"start":{"line":16,"column":48},"end":{"line":16,"column":49}},"loc":{"start":{"line":16,"column":53},"end":{"line":16,"column":79}},"line":16},"2":{"name":"(anonymous_2)","decl":{"start":{"line":53,"column":18},"end":{"line":53,"column":19}},"loc":{"start":{"line":53,"column":34},"end":{"line":73,"column":3}},"line":53},"3":{"name":"(anonymous_3)","decl":{"start":{"line":76,"column":21},"end":{"line":76,"column":22}},"loc":{"start":{"line":76,"column":37},"end":{"line":115,"column":3}},"line":76},"4":{"name":"(anonymous_4)","decl":{"start":{"line":82,"column":46},"end":{"line":82,"column":47}},"loc":{"start":{"line":82,"column":51},"end":{"line":82,"column":81}},"line":82}},"branchMap":{"0":{"loc":{"start":{"line":14,"column":6},"end":{"line":45,"column":7}},"type":"if","locations":[{"start":{"line":14,"column":6},"end":{"line":45,"column":7}},{"start":{"line":37,"column":7},"end":{"line":45,"column":7}}],"line":14},"1":{"loc":{"start":{"line":18,"column":16},"end":{"line":32,"column":15}},"type":"if","locations":[{"start":{"line":18,"column":16},"end":{"line":32,"column":15}},{"start":{"line":29,"column":14},"end":{"line":32,"column":15}}],"line":18},"2":{"loc":{"start":{"line":60,"column":4},"end":{"line":63,"column":5}},"type":"if","locations":[{"start":{"line":60,"column":4},"end":{"line":63,"column":5}},{"start":{},"end":{}}],"line":60},"3":{"loc":{"start":{"line":80,"column":4},"end":{"line":107,"column":5}},"type":"if","locations":[{"start":{"line":80,"column":4},"end":{"line":107,"column":5}},{"start":{},"end":{}}],"line":80},"4":{"loc":{"start":{"line":83,"column":6},"end":{"line":105,"column":7}},"type":"if","locations":[{"start":{"line":83,"column":6},"end":{"line":105,"column":7}},{"start":{"line":102,"column":6},"end":{"line":105,"column":7}}],"line":83},"5":{"loc":{"start":{"line":85,"column":8},"end":{"line":98,"column":9}},"type":"if","locations":[{"start":{"line":85,"column":8},"end":{"line":98,"column":9}},{"start":{"line":93,"column":8},"end":{"line":98,"column":9}}],"line":85}},"s":{"0":4,"1":4,"2":4,"3":4,"4":4,"5":0,"6":0,"7":0,"8":0,"9":0,"10":0,"11":0,"12":0,"13":0,"14":0,"15":0,"16":0,"17":0,"18":0,"19":0,"20":0,"21":0,"22":0,"23":0,"24":0,"25":4,"26":1,"27":1,"28":1,"29":1,"30":1,"31":0,"32":0,"33":4,"34":1,"35":1,"36":1,"37":0,"38":0,"39":0,"40":0,"41":0,"42":0,"43":0,"44":0,"45":0,"46":0,"47":0,"48":0,"49":4},"f":{"0":0,"1":0,"2":1,"3":1,"4":0},"b":{"0":[0,0],"1":[0,0],"2":[1,0],"3":[0,1],"4":[0,0],"5":[0,0]},"_coverageSchema":"1a1c01bbd47fc00a2c39e90264f33305004495a9","hash":"6128613cfc6dea52f66c110eb68db50ac01db534"}
,"/Users/anshbhatt/Desktop/Task/nodeLp/controllers/orderController.js": {"path":"/Users/anshbhatt/Desktop/Task/nodeLp/controllers/orderController.js","statementMap":{"0":{"start":{"line":1,"column":16},"end":{"line":1,"column":34}},"1":{"start":{"line":2,"column":12},"end":{"line":2,"column":21}},"2":{"start":{"line":3,"column":0},"end":{"line":3,"column":24}},"3":{"start":{"line":5,"column":11},"end":{"line":5,"column":36}},"4":{"start":{"line":6,"column":14},"end":{"line":6,"column":42}},"5":{"start":{"line":7,"column":12},"end":{"line":7,"column":38}},"6":{"start":{"line":8,"column":13},"end":{"line":8,"column":38}},"7":{"start":{"line":11,"column":18},"end":{"line":36,"column":1}},"8":{"start":{"line":12,"column":4},"end":{"line":35,"column":5}},"9":{"start":{"line":14,"column":8},"end":{"line":14,"column":41}},"10":{"start":{"line":15,"column":22},"end":{"line":15,"column":63}},"11":{"start":{"line":16,"column":8},"end":{"line":16,"column":29}},"12":{"start":{"line":17,"column":8},"end":{"line":20,"column":8}},"13":{"start":{"line":19,"column":8},"end":{"line":19,"column":94}},"14":{"start":{"line":22,"column":19},"end":{"line":22,"column":62}},"15":{"start":{"line":23,"column":7},"end":{"line":23,"column":26}},"16":{"start":{"line":24,"column":20},"end":{"line":28,"column":10}},"17":{"start":{"line":29,"column":8},"end":{"line":29,"column":46}},"18":{"start":{"line":30,"column":8},"end":{"line":30,"column":23}},"19":{"start":{"line":31,"column":8},"end":{"line":31,"column":21}},"20":{"start":{"line":32,"column":8},"end":{"line":32,"column":38}},"21":{"start":{"line":34,"column":8},"end":{"line":34,"column":53}},"22":{"start":{"line":38,"column":18},"end":{"line":90,"column":1}},"23":{"start":{"line":39,"column":4},"end":{"line":89,"column":5}},"24":{"start":{"line":42,"column":14},"end":{"line":42,"column":15}},"25":{"start":{"line":43,"column":18},"end":{"line":44,"column":71}},"26":{"start":{"line":46,"column":4},"end":{"line":49,"column":5}},"27":{"start":{"line":48,"column":7},"end":{"line":48,"column":76}},"28":{"start":{"line":51,"column":4},"end":{"line":56,"column":7}},"29":{"start":{"line":54,"column":8},"end":{"line":54,"column":68}},"30":{"start":{"line":57,"column":23},"end":{"line":61,"column":6}},"31":{"start":{"line":62,"column":4},"end":{"line":62,"column":27}},"32":{"start":{"line":64,"column":8},"end":{"line":78,"column":9}},"33":{"start":{"line":66,"column":8},"end":{"line":73,"column":9}},"34":{"start":{"line":69,"column":23},"end":{"line":69,"column":59}},"35":{"start":{"line":71,"column":12},"end":{"line":71,"column":51}},"36":{"start":{"line":72,"column":12},"end":{"line":72,"column":30}},"37":{"start":{"line":77,"column":12},"end":{"line":77,"column":63}},"38":{"start":{"line":80,"column":4},"end":{"line":80,"column":25}},"39":{"start":{"line":82,"column":23},"end":{"line":82,"column":45}},"40":{"start":{"line":83,"column":4},"end":{"line":83,"column":47}},"41":{"start":{"line":84,"column":4},"end":{"line":84,"column":52}},"42":{"start":{"line":88,"column":8},"end":{"line":88,"column":59}},"43":{"start":{"line":92,"column":19},"end":{"line":111,"column":1}},"44":{"start":{"line":93,"column":4},"end":{"line":110,"column":5}},"45":{"start":{"line":95,"column":26},"end":{"line":103,"column":6}},"46":{"start":{"line":104,"column":8},"end":{"line":104,"column":49}},"47":{"start":{"line":109,"column":8},"end":{"line":109,"column":54}},"48":{"start":{"line":112,"column":0},"end":{"line":112,"column":55}}},"fnMap":{"0":{"name":"(anonymous_0)","decl":{"start":{"line":11,"column":18},"end":{"line":11,"column":19}},"loc":{"start":{"line":11,"column":34},"end":{"line":36,"column":1}},"line":11},"1":{"name":"(anonymous_1)","decl":{"start":{"line":38,"column":18},"end":{"line":38,"column":19}},"loc":{"start":{"line":38,"column":34},"end":{"line":90,"column":1}},"line":38},"2":{"name":"(anonymous_2)","decl":{"start":{"line":51,"column":26},"end":{"line":51,"column":27}},"loc":{"start":{"line":51,"column":34},"end":{"line":56,"column":5}},"line":51},"3":{"name":"reducequantity","decl":{"start":{"line":63,"column":19},"end":{"line":63,"column":33}},"loc":{"start":{"line":63,"column":39},"end":{"line":79,"column":5}},"line":63},"4":{"name":"(anonymous_4)","decl":{"start":{"line":92,"column":19},"end":{"line":92,"column":20}},"loc":{"start":{"line":92,"column":35},"end":{"line":111,"column":1}},"line":92}},"branchMap":{"0":{"loc":{"start":{"line":17,"column":8},"end":{"line":20,"column":8}},"type":"if","locations":[{"start":{"line":17,"column":8},"end":{"line":20,"column":8}},{"start":{},"end":{}}],"line":17},"1":{"loc":{"start":{"line":46,"column":4},"end":{"line":49,"column":5}},"type":"if","locations":[{"start":{"line":46,"column":4},"end":{"line":49,"column":5}},{"start":{},"end":{}}],"line":46},"2":{"loc":{"start":{"line":46,"column":7},"end":{"line":46,"column":30}},"type":"binary-expr","locations":[{"start":{"line":46,"column":7},"end":{"line":46,"column":12}},{"start":{"line":46,"column":16},"end":{"line":46,"column":30}}],"line":46}},"s":{"0":4,"1":4,"2":4,"3":4,"4":4,"5":4,"6":4,"7":4,"8":0,"9":0,"10":0,"11":0,"12":0,"13":0,"14":0,"15":0,"16":0,"17":0,"18":0,"19":0,"20":0,"21":0,"22":4,"23":0,"24":0,"25":0,"26":0,"27":0,"28":0,"29":0,"30":0,"31":0,"32":0,"33":0,"34":0,"35":0,"36":0,"37":0,"38":0,"39":0,"40":0,"41":0,"42":0,"43":4,"44":1,"45":1,"46":0,"47":1,"48":4},"f":{"0":0,"1":0,"2":0,"3":0,"4":1},"b":{"0":[0,0],"1":[0,0],"2":[0,0]},"_coverageSchema":"1a1c01bbd47fc00a2c39e90264f33305004495a9","hash":"0758b07ae8111f08efb8c79c53e402992b63cbcc"}
,"/Users/anshbhatt/Desktop/Task/nodeLp/controllers/product.js": {"path":"/Users/anshbhatt/Desktop/Task/nodeLp/controllers/product.js","statementMap":{"0":{"start":{"line":1,"column":16},"end":{"line":1,"column":34}},"1":{"start":{"line":2,"column":16},"end":{"line":2,"column":44}},"2":{"start":{"line":3,"column":12},"end":{"line":3,"column":21}},"3":{"start":{"line":4,"column":16},"end":{"line":4,"column":33}},"4":{"start":{"line":6,"column":0},"end":{"line":6,"column":24}},"5":{"start":{"line":8,"column":16},"end":{"line":20,"column":1}},"6":{"start":{"line":9,"column":4},"end":{"line":16,"column":5}},"7":{"start":{"line":10,"column":29},"end":{"line":10,"column":62}},"8":{"start":{"line":11,"column":8},"end":{"line":11,"column":34}},"9":{"start":{"line":12,"column":8},"end":{"line":12,"column":54}},"10":{"start":{"line":14,"column":8},"end":{"line":14,"column":38}},"11":{"start":{"line":17,"column":25},"end":{"line":17,"column":58}},"12":{"start":{"line":18,"column":4},"end":{"line":18,"column":29}},"13":{"start":{"line":23,"column":16},"end":{"line":39,"column":1}},"14":{"start":{"line":24,"column":4},"end":{"line":38,"column":5}},"15":{"start":{"line":26,"column":72},"end":{"line":26,"column":80}},"16":{"start":{"line":27,"column":17},"end":{"line":27,"column":28}},"17":{"start":{"line":29,"column":4},"end":{"line":30,"column":84}},"18":{"start":{"line":30,"column":4},"end":{"line":30,"column":84}},"19":{"start":{"line":31,"column":17},"end":{"line":31,"column":94}},"20":{"start":{"line":33,"column":8},"end":{"line":33,"column":20}},"21":{"start":{"line":34,"column":8},"end":{"line":34,"column":67}},"22":{"start":{"line":37,"column":8},"end":{"line":37,"column":52}},"23":{"start":{"line":41,"column":13},"end":{"line":49,"column":1}},"24":{"start":{"line":42,"column":4},"end":{"line":47,"column":5}},"25":{"start":{"line":43,"column":19},"end":{"line":43,"column":39}},"26":{"start":{"line":44,"column":8},"end":{"line":44,"column":42}},"27":{"start":{"line":46,"column":8},"end":{"line":46,"column":46}},"28":{"start":{"line":51,"column":17},"end":{"line":58,"column":1}},"29":{"start":{"line":52,"column":4},"end":{"line":57,"column":5}},"30":{"start":{"line":53,"column":21},"end":{"line":53,"column":78}},"31":{"start":{"line":54,"column":8},"end":{"line":54,"column":35}},"32":{"start":{"line":56,"column":8},"end":{"line":56,"column":46}},"33":{"start":{"line":61,"column":16},"end":{"line":69,"column":1}},"34":{"start":{"line":62,"column":4},"end":{"line":67,"column":5}},"35":{"start":{"line":63,"column":21},"end":{"line":63,"column":72}},"36":{"start":{"line":64,"column":8},"end":{"line":64,"column":35}},"37":{"start":{"line":66,"column":8},"end":{"line":66,"column":46}},"38":{"start":{"line":71,"column":19},"end":{"line":78,"column":1}},"39":{"start":{"line":72,"column":4},"end":{"line":77,"column":5}},"40":{"start":{"line":73,"column":19},"end":{"line":73,"column":74}},"41":{"start":{"line":74,"column":8},"end":{"line":74,"column":62}},"42":{"start":{"line":76,"column":8},"end":{"line":76,"column":46}},"43":{"start":{"line":80,"column":19},"end":{"line":88,"column":1}},"44":{"start":{"line":81,"column":4},"end":{"line":86,"column":5}},"45":{"start":{"line":82,"column":21},"end":{"line":82,"column":67}},"46":{"start":{"line":83,"column":8},"end":{"line":83,"column":35}},"47":{"start":{"line":85,"column":8},"end":{"line":85,"column":46}},"48":{"start":{"line":93,"column":0},"end":{"line":103,"column":1}}},"fnMap":{"0":{"name":"(anonymous_0)","decl":{"start":{"line":8,"column":16},"end":{"line":8,"column":17}},"loc":{"start":{"line":8,"column":32},"end":{"line":20,"column":1}},"line":8},"1":{"name":"(anonymous_1)","decl":{"start":{"line":23,"column":16},"end":{"line":23,"column":17}},"loc":{"start":{"line":23,"column":32},"end":{"line":39,"column":1}},"line":23},"2":{"name":"(anonymous_2)","decl":{"start":{"line":41,"column":13},"end":{"line":41,"column":14}},"loc":{"start":{"line":41,"column":29},"end":{"line":49,"column":1}},"line":41},"3":{"name":"(anonymous_3)","decl":{"start":{"line":51,"column":17},"end":{"line":51,"column":18}},"loc":{"start":{"line":51,"column":33},"end":{"line":58,"column":1}},"line":51},"4":{"name":"(anonymous_4)","decl":{"start":{"line":61,"column":16},"end":{"line":61,"column":17}},"loc":{"start":{"line":61,"column":32},"end":{"line":69,"column":1}},"line":61},"5":{"name":"(anonymous_5)","decl":{"start":{"line":71,"column":19},"end":{"line":71,"column":20}},"loc":{"start":{"line":71,"column":35},"end":{"line":78,"column":1}},"line":71},"6":{"name":"(anonymous_6)","decl":{"start":{"line":80,"column":19},"end":{"line":80,"column":20}},"loc":{"start":{"line":80,"column":35},"end":{"line":88,"column":1}},"line":80}},"branchMap":{"0":{"loc":{"start":{"line":29,"column":4},"end":{"line":30,"column":84}},"type":"if","locations":[{"start":{"line":29,"column":4},"end":{"line":30,"column":84}},{"start":{},"end":{}}],"line":29},"1":{"loc":{"start":{"line":29,"column":8},"end":{"line":29,"column":73}},"type":"binary-expr","locations":[{"start":{"line":29,"column":8},"end":{"line":29,"column":20}},{"start":{"line":29,"column":24},"end":{"line":29,"column":33}},{"start":{"line":29,"column":37},"end":{"line":29,"column":49}},{"start":{"line":29,"column":54},"end":{"line":29,"column":60}},{"start":{"line":29,"column":64},"end":{"line":29,"column":73}}],"line":29}},"s":{"0":4,"1":4,"2":4,"3":4,"4":4,"5":4,"6":1,"7":1,"8":1,"9":1,"10":1,"11":1,"12":1,"13":4,"14":0,"15":0,"16":0,"17":0,"18":0,"19":0,"20":0,"21":0,"22":0,"23":4,"24":1,"25":1,"26":1,"27":0,"28":4,"29":1,"30":1,"31":1,"32":0,"33":4,"34":1,"35":1,"36":1,"37":0,"38":4,"39":1,"40":1,"41":1,"42":0,"43":4,"44":1,"45":1,"46":1,"47":0,"48":4},"f":{"0":1,"1":0,"2":1,"3":1,"4":1,"5":1,"6":1},"b":{"0":[0,0],"1":[0,0,0,0,0]},"_coverageSchema":"1a1c01bbd47fc00a2c39e90264f33305004495a9","hash":"57c7be17146d44d471cce6c53bd4fa53be4f6069"}
,"/Users/anshbhatt/Desktop/Task/nodeLp/controllers/user.js": {"path":"/Users/anshbhatt/Desktop/Task/nodeLp/controllers/user.js","statementMap":{"0":{"start":{"line":1,"column":16},"end":{"line":1,"column":34}},"1":{"start":{"line":2,"column":12},"end":{"line":2,"column":21}},"2":{"start":{"line":3,"column":15},"end":{"line":3,"column":32}},"3":{"start":{"line":4,"column":12},"end":{"line":4,"column":35}},"4":{"start":{"line":5,"column":15},"end":{"line":5,"column":32}},"5":{"start":{"line":6,"column":21},"end":{"line":6,"column":46}},"6":{"start":{"line":9,"column":0},"end":{"line":9,"column":16}},"7":{"start":{"line":11,"column":13},"end":{"line":11,"column":38}},"8":{"start":{"line":13,"column":0},"end":{"line":13,"column":24}},"9":{"start":{"line":16,"column":16},"end":{"line":42,"column":1}},"10":{"start":{"line":18,"column":42},"end":{"line":18,"column":50}},"11":{"start":{"line":19,"column":4},"end":{"line":20,"column":66}},"12":{"start":{"line":20,"column":4},"end":{"line":20,"column":66}},"13":{"start":{"line":21,"column":24},"end":{"line":21,"column":51}},"14":{"start":{"line":22,"column":8},"end":{"line":25,"column":9}},"15":{"start":{"line":24,"column":12},"end":{"line":24,"column":105}},"16":{"start":{"line":26,"column":8},"end":{"line":41,"column":5}},"17":{"start":{"line":27,"column":25},"end":{"line":27,"column":43}},"18":{"start":{"line":28,"column":12},"end":{"line":28,"column":30}},"19":{"start":{"line":29,"column":25},"end":{"line":35,"column":14}},"20":{"start":{"line":36,"column":12},"end":{"line":36,"column":30}},"21":{"start":{"line":38,"column":10},"end":{"line":38,"column":37}},"22":{"start":{"line":40,"column":10},"end":{"line":40,"column":54}},"23":{"start":{"line":46,"column":17},"end":{"line":85,"column":1}},"24":{"start":{"line":47,"column":8},"end":{"line":84,"column":5}},"25":{"start":{"line":48,"column":37},"end":{"line":48,"column":45}},"26":{"start":{"line":49,"column":31},"end":{"line":49,"column":64}},"27":{"start":{"line":50,"column":12},"end":{"line":50,"column":35}},"28":{"start":{"line":53,"column":12},"end":{"line":81,"column":13}},"29":{"start":{"line":57,"column":38},"end":{"line":57,"column":87}},"30":{"start":{"line":59,"column":16},"end":{"line":76,"column":17}},"31":{"start":{"line":61,"column":34},"end":{"line":61,"column":98}},"32":{"start":{"line":62,"column":20},"end":{"line":62,"column":39}},"33":{"start":{"line":65,"column":37},"end":{"line":65,"column":128}},"34":{"start":{"line":66,"column":20},"end":{"line":66,"column":43}},"35":{"start":{"line":67,"column":20},"end":{"line":70,"column":23}},"36":{"start":{"line":75,"column":20},"end":{"line":75,"column":84}},"37":{"start":{"line":80,"column":16},"end":{"line":80,"column":79}},"38":{"start":{"line":83,"column":8},"end":{"line":83,"column":46}},"39":{"start":{"line":87,"column":15},"end":{"line":100,"column":1}},"40":{"start":{"line":88,"column":4},"end":{"line":99,"column":5}},"41":{"start":{"line":90,"column":19},"end":{"line":90,"column":27}},"42":{"start":{"line":91,"column":8},"end":{"line":91,"column":26}},"43":{"start":{"line":92,"column":8},"end":{"line":92,"column":23}},"44":{"start":{"line":93,"column":22},"end":{"line":93,"column":39}},"45":{"start":{"line":94,"column":8},"end":{"line":94,"column":54}},"46":{"start":{"line":97,"column":8},"end":{"line":97,"column":57}},"47":{"start":{"line":103,"column":14},"end":{"line":111,"column":1}},"48":{"start":{"line":104,"column":4},"end":{"line":109,"column":5}},"49":{"start":{"line":105,"column":19},"end":{"line":105,"column":36}},"50":{"start":{"line":106,"column":8},"end":{"line":106,"column":35}},"51":{"start":{"line":108,"column":8},"end":{"line":108,"column":46}},"52":{"start":{"line":113,"column":17},"end":{"line":121,"column":1}},"53":{"start":{"line":114,"column":4},"end":{"line":119,"column":5}},"54":{"start":{"line":115,"column":21},"end":{"line":115,"column":63}},"55":{"start":{"line":116,"column":8},"end":{"line":116,"column":35}},"56":{"start":{"line":118,"column":8},"end":{"line":118,"column":46}},"57":{"start":{"line":123,"column":18},"end":{"line":131,"column":1}},"58":{"start":{"line":124,"column":4},"end":{"line":129,"column":5}},"59":{"start":{"line":125,"column":21},"end":{"line":125,"column":65}},"60":{"start":{"line":126,"column":8},"end":{"line":126,"column":35}},"61":{"start":{"line":128,"column":8},"end":{"line":128,"column":46}},"62":{"start":{"line":133,"column":19},"end":{"line":140,"column":1}},"63":{"start":{"line":134,"column":4},"end":{"line":139,"column":5}},"64":{"start":{"line":135,"column":19},"end":{"line":135,"column":73}},"65":{"start":{"line":136,"column":8},"end":{"line":136,"column":63}},"66":{"start":{"line":138,"column":8},"end":{"line":138,"column":46}},"67":{"start":{"line":142,"column":19},"end":{"line":150,"column":1}},"68":{"start":{"line":143,"column":4},"end":{"line":148,"column":5}},"69":{"start":{"line":144,"column":21},"end":{"line":144,"column":64}},"70":{"start":{"line":145,"column":8},"end":{"line":145,"column":35}},"71":{"start":{"line":147,"column":8},"end":{"line":147,"column":46}},"72":{"start":{"line":153,"column":0},"end":{"line":162,"column":2}}},"fnMap":{"0":{"name":"(anonymous_0)","decl":{"start":{"line":16,"column":16},"end":{"line":16,"column":17}},"loc":{"start":{"line":16,"column":32},"end":{"line":42,"column":1}},"line":16},"1":{"name":"(anonymous_1)","decl":{"start":{"line":46,"column":17},"end":{"line":46,"column":18}},"loc":{"start":{"line":46,"column":33},"end":{"line":85,"column":1}},"line":46},"2":{"name":"(anonymous_2)","decl":{"start":{"line":87,"column":15},"end":{"line":87,"column":16}},"loc":{"start":{"line":87,"column":31},"end":{"line":100,"column":1}},"line":87},"3":{"name":"(anonymous_3)","decl":{"start":{"line":103,"column":14},"end":{"line":103,"column":15}},"loc":{"start":{"line":103,"column":30},"end":{"line":111,"column":1}},"line":103},"4":{"name":"(anonymous_4)","decl":{"start":{"line":113,"column":17},"end":{"line":113,"column":18}},"loc":{"start":{"line":113,"column":33},"end":{"line":121,"column":1}},"line":113},"5":{"name":"(anonymous_5)","decl":{"start":{"line":123,"column":18},"end":{"line":123,"column":19}},"loc":{"start":{"line":123,"column":34},"end":{"line":131,"column":1}},"line":123},"6":{"name":"(anonymous_6)","decl":{"start":{"line":133,"column":19},"end":{"line":133,"column":20}},"loc":{"start":{"line":133,"column":35},"end":{"line":140,"column":1}},"line":133},"7":{"name":"(anonymous_7)","decl":{"start":{"line":142,"column":19},"end":{"line":142,"column":20}},"loc":{"start":{"line":142,"column":35},"end":{"line":150,"column":1}},"line":142}},"branchMap":{"0":{"loc":{"start":{"line":19,"column":4},"end":{"line":20,"column":66}},"type":"if","locations":[{"start":{"line":19,"column":4},"end":{"line":20,"column":66}},{"start":{},"end":{}}],"line":19},"1":{"loc":{"start":{"line":19,"column":7},"end":{"line":19,"column":45}},"type":"binary-expr","locations":[{"start":{"line":19,"column":7},"end":{"line":19,"column":13}},{"start":{"line":19,"column":17},"end":{"line":19,"column":22}},{"start":{"line":19,"column":26},"end":{"line":19,"column":32}},{"start":{"line":19,"column":36},"end":{"line":19,"column":45}}],"line":19},"2":{"loc":{"start":{"line":22,"column":8},"end":{"line":25,"column":9}},"type":"if","locations":[{"start":{"line":22,"column":8},"end":{"line":25,"column":9}},{"start":{},"end":{}}],"line":22},"3":{"loc":{"start":{"line":53,"column":12},"end":{"line":81,"column":13}},"type":"if","locations":[{"start":{"line":53,"column":12},"end":{"line":81,"column":13}},{"start":{"line":79,"column":12},"end":{"line":81,"column":13}}],"line":53},"4":{"loc":{"start":{"line":59,"column":16},"end":{"line":76,"column":17}},"type":"if","locations":[{"start":{"line":59,"column":16},"end":{"line":76,"column":17}},{"start":{"line":74,"column":16},"end":{"line":76,"column":17}}],"line":59}},"s":{"0":4,"1":4,"2":4,"3":4,"4":4,"5":4,"6":4,"7":4,"8":4,"9":4,"10":0,"11":0,"12":0,"13":0,"14":0,"15":0,"16":0,"17":0,"18":0,"19":0,"20":0,"21":0,"22":0,"23":4,"24":0,"25":0,"26":0,"27":0,"28":0,"29":0,"30":0,"31":0,"32":0,"33":0,"34":0,"35":0,"36":0,"37":0,"38":0,"39":4,"40":1,"41":1,"42":1,"43":1,"44":1,"45":1,"46":0,"47":4,"48":1,"49":1,"50":1,"51":0,"52":4,"53":1,"54":1,"55":1,"56":0,"57":4,"58":1,"59":1,"60":1,"61":0,"62":4,"63":1,"64":1,"65":1,"66":0,"67":4,"68":1,"69":1,"70":1,"71":0,"72":4},"f":{"0":0,"1":0,"2":1,"3":1,"4":1,"5":1,"6":1,"7":1},"b":{"0":[0,0],"1":[0,0,0,0],"2":[0,0],"3":[0,0],"4":[0,0]},"_coverageSchema":"1a1c01bbd47fc00a2c39e90264f33305004495a9","hash":"75e74b50d0c680809bdc09de39c3fa49e7dd486f"}
,"/Users/anshbhatt/Desktop/Task/nodeLp/middleware/auth.js": {"path":"/Users/anshbhatt/Desktop/Task/nodeLp/middleware/auth.js","statementMap":{"0":{"start":{"line":1,"column":12},"end":{"line":1,"column":35}},"1":{"start":{"line":2,"column":15},"end":{"line":2,"column":32}},"2":{"start":{"line":3,"column":0},"end":{"line":3,"column":16}},"3":{"start":{"line":4,"column":13},"end":{"line":4,"column":38}},"4":{"start":{"line":6,"column":13},"end":{"line":25,"column":1}},"5":{"start":{"line":7,"column":4},"end":{"line":24,"column":5}},"6":{"start":{"line":8,"column":23},"end":{"line":8,"column":51}},"7":{"start":{"line":9,"column":8},"end":{"line":9,"column":28}},"8":{"start":{"line":10,"column":8},"end":{"line":21,"column":9}},"9":{"start":{"line":11,"column":26},"end":{"line":11,"column":46}},"10":{"start":{"line":12,"column":34},"end":{"line":12,"column":75}},"11":{"start":{"line":13,"column":23},"end":{"line":13,"column":70}},"12":{"start":{"line":14,"column":12},"end":{"line":14,"column":26}},"13":{"start":{"line":16,"column":12},"end":{"line":16,"column":19}},"14":{"start":{"line":20,"column":12},"end":{"line":20,"column":48}},"15":{"start":{"line":23,"column":8},"end":{"line":23,"column":46}},"16":{"start":{"line":29,"column":0},"end":{"line":29,"column":22}}},"fnMap":{"0":{"name":"(anonymous_0)","decl":{"start":{"line":6,"column":13},"end":{"line":6,"column":14}},"loc":{"start":{"line":6,"column":34},"end":{"line":25,"column":1}},"line":6}},"branchMap":{"0":{"loc":{"start":{"line":10,"column":8},"end":{"line":21,"column":9}},"type":"if","locations":[{"start":{"line":10,"column":8},"end":{"line":21,"column":9}},{"start":{"line":19,"column":8},"end":{"line":21,"column":9}}],"line":10}},"s":{"0":4,"1":4,"2":4,"3":4,"4":4,"5":15,"6":15,"7":15,"8":15,"9":15,"10":15,"11":15,"12":15,"13":15,"14":0,"15":0,"16":4},"f":{"0":15},"b":{"0":[15,0]},"_coverageSchema":"1a1c01bbd47fc00a2c39e90264f33305004495a9","hash":"d0ce382365df1cf74a0f391d42a08ce7f6375158"}
,"/Users/anshbhatt/Desktop/Task/nodeLp/models/cart.js": {"path":"/Users/anshbhatt/Desktop/Task/nodeLp/models/cart.js","statementMap":{"0":{"start":{"line":1,"column":17},"end":{"line":1,"column":36}},"1":{"start":{"line":2,"column":19},"end":{"line":21,"column":3}},"2":{"start":{"line":23,"column":2},"end":{"line":23,"column":54}}},"fnMap":{},"branchMap":{},"s":{"0":4,"1":4,"2":4},"f":{},"b":{},"_coverageSchema":"1a1c01bbd47fc00a2c39e90264f33305004495a9","hash":"4c39e443696f126b2c5d4491bb3a4802c1dae012"}
,"/Users/anshbhatt/Desktop/Task/nodeLp/models/order.js": {"path":"/Users/anshbhatt/Desktop/Task/nodeLp/models/order.js","statementMap":{"0":{"start":{"line":1,"column":22},"end":{"line":1,"column":40}},"1":{"start":{"line":2,"column":15},"end":{"line":2,"column":34}},"2":{"start":{"line":3,"column":15},"end":{"line":3,"column":32}},"3":{"start":{"line":4,"column":21},"end":{"line":4,"column":46}},"4":{"start":{"line":5,"column":13},"end":{"line":5,"column":30}},"5":{"start":{"line":6,"column":21},"end":{"line":32,"column":1}},"6":{"start":{"line":51,"column":14},"end":{"line":51,"column":50}},"7":{"start":{"line":52,"column":0},"end":{"line":52,"column":22}}},"fnMap":{},"branchMap":{},"s":{"0":4,"1":4,"2":4,"3":4,"4":4,"5":4,"6":4,"7":4},"f":{},"b":{},"_coverageSchema":"1a1c01bbd47fc00a2c39e90264f33305004495a9","hash":"1ecc2001412f1cf3f807910281530d9d3b24d5bb"}
,"/Users/anshbhatt/Desktop/Task/nodeLp/models/product.js": {"path":"/Users/anshbhatt/Desktop/Task/nodeLp/models/product.js","statementMap":{"0":{"start":{"line":1,"column":17},"end":{"line":1,"column":36}},"1":{"start":{"line":3,"column":22},"end":{"line":40,"column":1}},"2":{"start":{"line":42,"column":16},"end":{"line":42,"column":55}},"3":{"start":{"line":43,"column":0},"end":{"line":43,"column":23}}},"fnMap":{},"branchMap":{},"s":{"0":4,"1":4,"2":4,"3":4},"f":{},"b":{},"_coverageSchema":"1a1c01bbd47fc00a2c39e90264f33305004495a9","hash":"71a3f582321673911c3469a69a26c650560297a1"}
,"/Users/anshbhatt/Desktop/Task/nodeLp/models/user.js": {"path":"/Users/anshbhatt/Desktop/Task/nodeLp/models/user.js","statementMap":{"0":{"start":{"line":1,"column":17},"end":{"line":1,"column":36}},"1":{"start":{"line":2,"column":18},"end":{"line":2,"column":38}},"2":{"start":{"line":3,"column":15},"end":{"line":3,"column":32}},"3":{"start":{"line":4,"column":19},"end":{"line":48,"column":1}},"4":{"start":{"line":23,"column":8},"end":{"line":25,"column":9}},"5":{"start":{"line":24,"column":12},"end":{"line":24,"column":45}},"6":{"start":{"line":49,"column":0},"end":{"line":52,"column":2}},"7":{"start":{"line":50,"column":4},"end":{"line":50,"column":41}},"8":{"start":{"line":51,"column":4},"end":{"line":51,"column":11}},"9":{"start":{"line":55,"column":0},"end":{"line":61,"column":3}},"10":{"start":{"line":56,"column":4},"end":{"line":59,"column":5}},"11":{"start":{"line":58,"column":8},"end":{"line":58,"column":56}},"12":{"start":{"line":60,"column":4},"end":{"line":60,"column":11}},"13":{"start":{"line":64,"column":11},"end":{"line":64,"column":44}},"14":{"start":{"line":65,"column":0},"end":{"line":65,"column":20}}},"fnMap":{"0":{"name":"(anonymous_0)","decl":{"start":{"line":22,"column":4},"end":{"line":22,"column":5}},"loc":{"start":{"line":22,"column":19},"end":{"line":26,"column":5}},"line":22},"1":{"name":"(anonymous_1)","decl":{"start":{"line":49,"column":23},"end":{"line":49,"column":24}},"loc":{"start":{"line":49,"column":41},"end":{"line":52,"column":1}},"line":49},"2":{"name":"(anonymous_2)","decl":{"start":{"line":55,"column":22},"end":{"line":55,"column":23}},"loc":{"start":{"line":55,"column":42},"end":{"line":61,"column":1}},"line":55}},"branchMap":{"0":{"loc":{"start":{"line":23,"column":8},"end":{"line":25,"column":9}},"type":"if","locations":[{"start":{"line":23,"column":8},"end":{"line":25,"column":9}},{"start":{},"end":{}}],"line":23},"1":{"loc":{"start":{"line":56,"column":4},"end":{"line":59,"column":5}},"type":"if","locations":[{"start":{"line":56,"column":4},"end":{"line":59,"column":5}},{"start":{},"end":{}}],"line":56}},"s":{"0":4,"1":4,"2":4,"3":4,"4":9,"5":0,"6":4,"7":8,"8":8,"9":4,"10":9,"11":8,"12":9,"13":4,"14":4},"f":{"0":9,"1":8,"2":9},"b":{"0":[0,9],"1":[8,1]},"_coverageSchema":"1a1c01bbd47fc00a2c39e90264f33305004495a9","hash":"b2da65db5864c392b591e8b72a2fcbf7e0978596"}
,"/Users/anshbhatt/Desktop/Task/nodeLp/routes/cart.js": {"path":"/Users/anshbhatt/Desktop/Task/nodeLp/routes/cart.js","statementMap":{"0":{"start":{"line":1,"column":16},"end":{"line":1,"column":34}},"1":{"start":{"line":2,"column":15},"end":{"line":2,"column":35}},"2":{"start":{"line":3,"column":12},"end":{"line":3,"column":21}},"3":{"start":{"line":4,"column":0},"end":{"line":4,"column":24}},"4":{"start":{"line":5,"column":42},"end":{"line":5,"column":72}},"5":{"start":{"line":6,"column":23},"end":{"line":6,"column":52}},"6":{"start":{"line":9,"column":0},"end":{"line":9,"column":56}},"7":{"start":{"line":10,"column":0},"end":{"line":10,"column":133}},"8":{"start":{"line":10,"column":62},"end":{"line":10,"column":89}},"9":{"start":{"line":10,"column":90},"end":{"line":10,"column":97}},"10":{"start":{"line":11,"column":0},"end":{"line":11,"column":69}},"11":{"start":{"line":13,"column":0},"end":{"line":13,"column":24}}},"fnMap":{"0":{"name":"(anonymous_0)","decl":{"start":{"line":10,"column":40},"end":{"line":10,"column":41}},"loc":{"start":{"line":10,"column":61},"end":{"line":10,"column":98}},"line":10}},"branchMap":{},"s":{"0":4,"1":4,"2":4,"3":4,"4":4,"5":4,"6":4,"7":4,"8":0,"9":0,"10":4,"11":4},"f":{"0":0},"b":{},"_coverageSchema":"1a1c01bbd47fc00a2c39e90264f33305004495a9","hash":"99746130a422d27afee1c27a88df899a08ce116e"}
,"/Users/anshbhatt/Desktop/Task/nodeLp/routes/order.js": {"path":"/Users/anshbhatt/Desktop/Task/nodeLp/routes/order.js","statementMap":{"0":{"start":{"line":1,"column":16},"end":{"line":1,"column":34}},"1":{"start":{"line":2,"column":15},"end":{"line":2,"column":35}},"2":{"start":{"line":3,"column":12},"end":{"line":3,"column":21}},"3":{"start":{"line":4,"column":0},"end":{"line":4,"column":24}},"4":{"start":{"line":5,"column":23},"end":{"line":5,"column":52}},"5":{"start":{"line":6,"column":48},"end":{"line":6,"column":89}},"6":{"start":{"line":8,"column":0},"end":{"line":8,"column":82}},"7":{"start":{"line":9,"column":0},"end":{"line":9,"column":58}},"8":{"start":{"line":10,"column":0},"end":{"line":10,"column":59}},"9":{"start":{"line":12,"column":0},"end":{"line":12,"column":25}}},"fnMap":{},"branchMap":{},"s":{"0":4,"1":4,"2":4,"3":4,"4":4,"5":4,"6":4,"7":4,"8":4,"9":4},"f":{},"b":{},"_coverageSchema":"1a1c01bbd47fc00a2c39e90264f33305004495a9","hash":"0ad72fd871393f76f03813012b2ab32e0f891312"}
,"/Users/anshbhatt/Desktop/Task/nodeLp/routes/product.js": {"path":"/Users/anshbhatt/Desktop/Task/nodeLp/routes/product.js","statementMap":{"0":{"start":{"line":1,"column":16},"end":{"line":1,"column":34}},"1":{"start":{"line":2,"column":15},"end":{"line":2,"column":35}},"2":{"start":{"line":3,"column":12},"end":{"line":3,"column":21}},"3":{"start":{"line":4,"column":0},"end":{"line":4,"column":24}},"4":{"start":{"line":5,"column":23},"end":{"line":5,"column":52}},"5":{"start":{"line":6,"column":28},"end":{"line":6,"column":62}},"6":{"start":{"line":15,"column":4},"end":{"line":15,"column":37}},"7":{"start":{"line":18,"column":0},"end":{"line":18,"column":87}},"8":{"start":{"line":19,"column":0},"end":{"line":19,"column":55}},"9":{"start":{"line":20,"column":0},"end":{"line":20,"column":59}},"10":{"start":{"line":21,"column":0},"end":{"line":21,"column":48}},"11":{"start":{"line":22,"column":0},"end":{"line":22,"column":58}},"12":{"start":{"line":23,"column":0},"end":{"line":23,"column":55}},"13":{"start":{"line":24,"column":0},"end":{"line":24,"column":56}},"14":{"start":{"line":25,"column":0},"end":{"line":25,"column":56}},"15":{"start":{"line":28,"column":0},"end":{"line":28,"column":22}}},"fnMap":{},"branchMap":{},"s":{"0":4,"1":4,"2":4,"3":4,"4":4,"5":4,"6":4,"7":4,"8":4,"9":4,"10":4,"11":4,"12":4,"13":4,"14":4,"15":4},"f":{},"b":{},"_coverageSchema":"1a1c01bbd47fc00a2c39e90264f33305004495a9","hash":"d8228e22c594fc05aad9a58e2d0ae7db664b42b4"}
,"/Users/anshbhatt/Desktop/Task/nodeLp/routes/user.js": {"path":"/Users/anshbhatt/Desktop/Task/nodeLp/routes/user.js","statementMap":{"0":{"start":{"line":1,"column":16},"end":{"line":1,"column":34}},"1":{"start":{"line":2,"column":15},"end":{"line":2,"column":35}},"2":{"start":{"line":3,"column":12},"end":{"line":3,"column":21}},"3":{"start":{"line":4,"column":23},"end":{"line":4,"column":52}},"4":{"start":{"line":5,"column":29},"end":{"line":5,"column":64}},"5":{"start":{"line":6,"column":0},"end":{"line":6,"column":24}},"6":{"start":{"line":16,"column":4},"end":{"line":16,"column":34}},"7":{"start":{"line":19,"column":0},"end":{"line":19,"column":86}},"8":{"start":{"line":20,"column":0},"end":{"line":20,"column":32}},"9":{"start":{"line":21,"column":0},"end":{"line":21,"column":36}},"10":{"start":{"line":22,"column":0},"end":{"line":22,"column":53}},"11":{"start":{"line":23,"column":0},"end":{"line":23,"column":47}},"12":{"start":{"line":24,"column":0},"end":{"line":24,"column":55}},"13":{"start":{"line":25,"column":0},"end":{"line":25,"column":57}},"14":{"start":{"line":26,"column":0},"end":{"line":26,"column":54}},"15":{"start":{"line":27,"column":0},"end":{"line":27,"column":55}},"16":{"start":{"line":31,"column":0},"end":{"line":31,"column":22}}},"fnMap":{},"branchMap":{},"s":{"0":4,"1":4,"2":4,"3":4,"4":4,"5":4,"6":4,"7":4,"8":4,"9":4,"10":4,"11":4,"12":4,"13":4,"14":4,"15":4,"16":4},"f":{},"b":{},"_coverageSchema":"1a1c01bbd47fc00a2c39e90264f33305004495a9","hash":"d6d036feafc01fd5d6c6e6dc02049fe365effcc0"}
}
