TN:
SF:app.js
FN:26,(anonymous_0)
FN:27,(anonymous_1)
FN:41,(anonymous_2)
FNF:3
FNH:2
FNDA:1,(anonymous_0)
FNDA:0,(anonymous_1)
FNDA:1,(anonymous_2)
DA:1,1
DA:2,1
DA:3,1
DA:4,1
DA:5,1
DA:7,1
DA:9,1
DA:10,1
DA:11,1
DA:12,1
DA:15,1
DA:17,1
DA:18,1
DA:21,1
DA:26,1
DA:27,0
DA:32,1
DA:35,1
DA:37,1
DA:39,1
DA:41,1
DA:42,1
DA:44,1
LF:23
LH:22
BRF:0
BRH:0
end_of_record
TN:
SF:Fileupload/prodImage.js
FN:11,(anonymous_0)
FN:21,(anonymous_1)
FNF:2
FNH:0
FNDA:0,(anonymous_0)
FNDA:0,(anonymous_1)
DA:1,1
DA:2,1
DA:3,1
DA:4,1
DA:6,1
DA:8,1
DA:9,1
DA:11,1
DA:13,0
DA:16,0
DA:17,0
DA:19,0
DA:20,0
DA:21,0
DA:22,0
DA:23,0
DA:27,0
DA:28,0
DA:29,0
DA:33,0
DA:36,1
LF:21
LH:9
BRF:0
BRH:0
end_of_record
TN:
SF:Fileupload/profilePic.js
FN:24,(anonymous_0)
FN:27,(anonymous_1)
FN:39,(anonymous_2)
FNF:3
FNH:0
FNDA:0,(anonymous_0)
FNDA:0,(anonymous_1)
FNDA:0,(anonymous_2)
DA:1,1
DA:2,1
DA:3,1
DA:4,1
DA:5,1
DA:6,1
DA:7,1
DA:8,1
DA:9,1
DA:11,1
DA:14,1
DA:15,1
DA:23,1
DA:25,0
DA:28,0
DA:36,1
DA:39,1
DA:41,0
DA:43,0
DA:48,0
DA:49,0
DA:50,0
DA:51,0
DA:52,0
DA:53,0
DA:56,0
DA:64,0
DA:67,1
LF:28
LH:16
BRF:0
BRH:0
end_of_record
TN:
SF:config/mail.js
FNF:0
FNH:0
DA:1,1
DA:2,1
DA:3,1
DA:12,1
LF:4
LH:4
BRF:0
BRH:0
end_of_record
TN:
SF:controllers/cart.js
FN:7,(anonymous_0)
FN:17,(anonymous_1)
FN:54,(anonymous_2)
FN:77,(anonymous_3)
FN:83,(anonymous_4)
FNF:5
FNH:0
FNDA:0,(anonymous_0)
FNDA:0,(anonymous_1)
FNDA:0,(anonymous_2)
FNDA:0,(anonymous_3)
FNDA:0,(anonymous_4)
DA:1,1
DA:2,1
DA:3,1
DA:4,1
DA:5,1
DA:7,1
DA:9,0
DA:10,0
DA:11,0
DA:12,0
DA:13,0
DA:15,0
DA:17,0
DA:19,0
DA:21,0
DA:25,0
DA:32,0
DA:34,0
DA:35,0
DA:40,0
DA:43,0
DA:44,0
DA:45,0
DA:49,0
DA:50,0
DA:54,1
DA:55,0
DA:57,0
DA:60,0
DA:61,0
DA:63,0
DA:67,0
DA:71,0
DA:77,1
DA:79,0
DA:80,0
DA:81,0
DA:83,0
DA:84,0
DA:86,0
DA:89,0
DA:90,0
DA:91,0
DA:96,0
DA:97,0
DA:98,0
DA:105,0
DA:112,0
DA:117,1
LF:49
LH:9
BRDA:15,0,0,0
BRDA:15,0,1,0
BRDA:19,1,0,0
BRDA:19,1,1,0
BRDA:61,2,0,0
BRDA:61,2,1,0
BRDA:81,3,0,0
BRDA:81,3,1,0
BRDA:84,4,0,0
BRDA:84,4,1,0
BRDA:86,5,0,0
BRDA:86,5,1,0
BRF:12
BRH:0
end_of_record
TN:
SF:controllers/orderController.js
FN:11,(anonymous_0)
FN:38,(anonymous_1)
FN:51,(anonymous_2)
FN:63,reducequantity
FN:92,(anonymous_4)
FNF:5
FNH:0
FNDA:0,(anonymous_0)
FNDA:0,(anonymous_1)
FNDA:0,(anonymous_2)
FNDA:0,reducequantity
FNDA:0,(anonymous_4)
DA:1,1
DA:2,1
DA:3,1
DA:5,1
DA:6,1
DA:7,1
DA:8,1
DA:11,1
DA:12,0
DA:14,0
DA:15,0
DA:16,0
DA:17,0
DA:19,0
DA:22,0
DA:23,0
DA:24,0
DA:29,0
DA:30,0
DA:31,0
DA:32,0
DA:34,0
DA:38,1
DA:39,0
DA:42,0
DA:43,0
DA:46,0
DA:48,0
DA:51,0
DA:54,0
DA:57,0
DA:62,0
DA:64,0
DA:66,0
DA:69,0
DA:71,0
DA:72,0
DA:77,0
DA:80,0
DA:82,0
DA:83,0
DA:84,0
DA:88,0
DA:92,1
DA:93,0
DA:95,0
DA:104,0
DA:109,0
DA:112,1
LF:49
LH:11
BRDA:17,0,0,0
BRDA:17,0,1,0
BRDA:46,1,0,0
BRDA:46,1,1,0
BRDA:46,2,0,0
BRDA:46,2,1,0
BRF:6
BRH:0
end_of_record
TN:
SF:controllers/product.js
FN:8,(anonymous_0)
FN:23,(anonymous_1)
FN:41,(anonymous_2)
FN:51,(anonymous_3)
FN:60,(anonymous_4)
FN:70,(anonymous_5)
FN:80,(anonymous_6)
FN:89,(anonymous_7)
FNF:8
FNH:0
FNDA:0,(anonymous_0)
FNDA:0,(anonymous_1)
FNDA:0,(anonymous_2)
FNDA:0,(anonymous_3)
FNDA:0,(anonymous_4)
FNDA:0,(anonymous_5)
FNDA:0,(anonymous_6)
FNDA:0,(anonymous_7)
DA:1,1
DA:2,1
DA:3,1
DA:4,1
DA:6,1
DA:8,1
DA:9,0
DA:10,0
DA:11,0
DA:12,0
DA:14,0
DA:17,0
DA:18,0
DA:23,1
DA:24,0
DA:26,0
DA:27,0
DA:29,0
DA:30,0
DA:31,0
DA:33,0
DA:34,0
DA:37,0
DA:41,1
DA:42,0
DA:43,0
DA:44,0
DA:46,0
DA:51,1
DA:52,0
DA:53,0
DA:54,0
DA:56,0
DA:60,1
DA:61,0
DA:62,0
DA:63,0
DA:65,0
DA:70,1
DA:71,0
DA:72,0
DA:73,0
DA:75,0
DA:80,1
DA:81,0
DA:82,0
DA:83,0
DA:85,0
DA:89,1
DA:90,0
DA:91,0
DA:92,0
DA:94,0
DA:102,1
LF:54
LH:14
BRDA:29,0,0,0
BRDA:29,0,1,0
BRDA:29,1,0,0
BRDA:29,1,1,0
BRDA:29,1,2,0
BRDA:29,1,3,0
BRDA:29,1,4,0
BRF:7
BRH:0
end_of_record
TN:
SF:controllers/user.js
FN:16,(anonymous_0)
FN:46,(anonymous_1)
FN:87,(anonymous_2)
FN:103,(anonymous_3)
FN:113,(anonymous_4)
FN:123,(anonymous_5)
FN:133,(anonymous_6)
FN:142,(anonymous_7)
FNF:8
FNH:0
FNDA:0,(anonymous_0)
FNDA:0,(anonymous_1)
FNDA:0,(anonymous_2)
FNDA:0,(anonymous_3)
FNDA:0,(anonymous_4)
FNDA:0,(anonymous_5)
FNDA:0,(anonymous_6)
FNDA:0,(anonymous_7)
DA:1,1
DA:2,1
DA:3,1
DA:4,1
DA:5,1
DA:6,1
DA:9,1
DA:11,1
DA:13,1
DA:16,1
DA:18,0
DA:19,0
DA:20,0
DA:21,0
DA:22,0
DA:24,0
DA:26,0
DA:27,0
DA:28,0
DA:29,0
DA:36,0
DA:38,0
DA:40,0
DA:46,1
DA:47,0
DA:48,0
DA:49,0
DA:50,0
DA:53,0
DA:57,0
DA:59,0
DA:61,0
DA:62,0
DA:65,0
DA:66,0
DA:67,0
DA:75,0
DA:80,0
DA:83,0
DA:87,1
DA:88,0
DA:90,0
DA:91,0
DA:92,0
DA:93,0
DA:94,0
DA:97,0
DA:103,1
DA:104,0
DA:105,0
DA:106,0
DA:108,0
DA:113,1
DA:114,0
DA:115,0
DA:116,0
DA:118,0
DA:123,1
DA:124,0
DA:125,0
DA:126,0
DA:128,0
DA:133,1
DA:134,0
DA:135,0
DA:136,0
DA:138,0
DA:142,1
DA:143,0
DA:144,0
DA:145,0
DA:147,0
DA:153,1
LF:73
LH:18
BRDA:19,0,0,0
BRDA:19,0,1,0
BRDA:19,1,0,0
BRDA:19,1,1,0
BRDA:19,1,2,0
BRDA:19,1,3,0
BRDA:22,2,0,0
BRDA:22,2,1,0
BRDA:53,3,0,0
BRDA:53,3,1,0
BRDA:59,4,0,0
BRDA:59,4,1,0
BRF:12
BRH:0
end_of_record
TN:
SF:middleware/auth.js
FN:6,(anonymous_0)
FN:26,(anonymous_1)
FNF:2
FNH:0
FNDA:0,(anonymous_0)
FNDA:0,(anonymous_1)
DA:1,1
DA:2,1
DA:3,1
DA:4,1
DA:6,1
DA:7,0
DA:8,0
DA:9,0
DA:10,0
DA:11,0
DA:12,0
DA:13,0
DA:14,0
DA:16,0
DA:20,0
DA:23,0
DA:26,1
DA:27,0
DA:29,0
DA:30,0
DA:34,0
DA:37,0
DA:42,1
LF:23
LH:7
BRDA:10,0,0,0
BRDA:10,0,1,0
BRDA:29,1,0,0
BRDA:29,1,1,0
BRF:4
BRH:0
end_of_record
TN:
SF:models/cart.js
FNF:0
FNH:0
DA:1,1
DA:2,1
DA:23,1
LF:3
LH:3
BRF:0
BRH:0
end_of_record
TN:
SF:models/order.js
FN:33,(anonymous_0)
FNF:1
FNH:0
FNDA:0,(anonymous_0)
DA:1,1
DA:2,1
DA:3,1
DA:4,1
DA:5,1
DA:6,1
DA:33,1
DA:36,0
DA:37,0
DA:38,0
DA:39,0
DA:40,0
DA:47,0
DA:49,0
DA:51,1
DA:52,1
LF:16
LH:9
BRF:0
BRH:0
end_of_record
TN:
SF:models/product.js
FNF:0
FNH:0
DA:1,1
DA:3,1
DA:42,1
DA:43,1
LF:4
LH:4
BRF:0
BRH:0
end_of_record
TN:
SF:models/user.js
FN:25,(anonymous_0)
FN:52,(anonymous_1)
FN:58,(anonymous_2)
FNF:3
FNH:0
FNDA:0,(anonymous_0)
FNDA:0,(anonymous_1)
FNDA:0,(anonymous_2)
DA:1,1
DA:2,1
DA:3,1
DA:4,1
DA:5,1
DA:6,1
DA:7,1
DA:26,0
DA:27,0
DA:52,1
DA:53,0
DA:54,0
DA:58,1
DA:59,0
DA:61,0
DA:63,0
DA:67,1
DA:68,1
LF:18
LH:11
BRDA:26,0,0,0
BRDA:26,0,1,0
BRDA:59,1,0,0
BRDA:59,1,1,0
BRF:4
BRH:0
end_of_record
TN:
SF:routes/cart.js
FN:10,(anonymous_0)
FNF:1
FNH:0
FNDA:0,(anonymous_0)
DA:1,1
DA:2,1
DA:3,1
DA:4,1
DA:5,1
DA:6,1
DA:9,1
DA:10,1
DA:11,1
DA:13,1
LF:10
LH:10
BRF:0
BRH:0
end_of_record
TN:
SF:routes/order.js
FNF:0
FNH:0
DA:1,1
DA:2,1
DA:3,1
DA:4,1
DA:5,1
DA:6,1
DA:8,1
DA:9,1
DA:10,1
DA:12,1
LF:10
LH:10
BRF:0
BRH:0
end_of_record
TN:
SF:routes/product.js
FNF:0
FNH:0
DA:1,1
DA:2,1
DA:3,1
DA:4,1
DA:5,1
DA:6,1
DA:16,1
DA:19,1
DA:20,1
DA:21,1
DA:22,1
DA:23,1
DA:24,1
DA:25,1
DA:26,1
DA:27,1
DA:30,1
LF:17
LH:17
BRF:0
BRH:0
end_of_record
TN:
SF:routes/user.js
FNF:0
FNH:0
DA:1,1
DA:2,1
DA:3,1
DA:4,1
DA:5,1
DA:6,1
DA:16,1
DA:19,1
DA:20,1
DA:21,1
DA:22,1
DA:23,1
DA:24,1
DA:25,1
DA:26,1
DA:27,1
DA:31,1
LF:17
LH:17
BRF:0
BRH:0
end_of_record
