TN:
SF:app.js
FN:26,(anonymous_0)
FN:41,(anonymous_1)
FNF:2
FNH:1
FNDA:4,(anonymous_0)
FNDA:0,(anonymous_1)
DA:1,4
DA:2,4
DA:3,4
DA:4,4
DA:5,4
DA:7,4
DA:9,4
DA:10,4
DA:11,4
DA:12,4
DA:15,4
DA:17,4
DA:18,4
DA:21,4
DA:26,4
DA:32,4
DA:35,4
DA:37,4
DA:39,4
DA:41,4
DA:44,4
LF:21
LH:21
BRF:0
BRH:0
end_of_record
TN:
SF:Fileupload/prodImage.js
FN:11,(anonymous_0)
FN:21,(anonymous_1)
FNF:2
FNH:0
FNDA:0,(anonymous_0)
FNDA:0,(anonymous_1)
DA:1,4
DA:2,4
DA:3,4
DA:4,4
DA:6,4
DA:8,4
DA:9,4
DA:11,4
DA:13,0
DA:16,0
DA:17,0
DA:19,0
DA:20,0
DA:21,0
DA:22,0
DA:23,0
DA:27,0
DA:28,0
DA:29,0
DA:33,0
DA:36,4
LF:21
LH:9
BRF:0
BRH:0
end_of_record
TN:
SF:Fileupload/profilePic.js
FN:24,(anonymous_0)
FN:27,(anonymous_1)
FN:39,(anonymous_2)
FNF:3
FNH:0
FNDA:0,(anonymous_0)
FNDA:0,(anonymous_1)
FNDA:0,(anonymous_2)
DA:1,4
DA:2,4
DA:3,4
DA:4,4
DA:5,4
DA:6,4
DA:7,4
DA:8,4
DA:9,4
DA:11,4
DA:14,4
DA:15,4
DA:23,4
DA:25,0
DA:28,0
DA:36,4
DA:39,4
DA:41,0
DA:43,0
DA:48,0
DA:49,0
DA:50,0
DA:51,0
DA:52,0
DA:53,0
DA:56,0
DA:64,0
DA:67,4
LF:28
LH:16
BRF:0
BRH:0
end_of_record
TN:
SF:config/mail.js
FNF:0
FNH:0
DA:1,4
DA:2,4
DA:3,4
DA:12,4
LF:4
LH:4
BRF:0
BRH:0
end_of_record
TN:
SF:controllers/cart.js
FN:6,(anonymous_0)
FN:16,(anonymous_1)
FN:53,(anonymous_2)
FN:76,(anonymous_3)
FN:82,(anonymous_4)
FNF:5
FNH:2
FNDA:0,(anonymous_0)
FNDA:0,(anonymous_1)
FNDA:1,(anonymous_2)
FNDA:1,(anonymous_3)
FNDA:0,(anonymous_4)
DA:1,4
DA:2,4
DA:3,4
DA:4,4
DA:6,4
DA:8,0
DA:9,0
DA:10,0
DA:11,0
DA:12,0
DA:14,0
DA:16,0
DA:18,0
DA:20,0
DA:24,0
DA:31,0
DA:33,0
DA:34,0
DA:39,0
DA:42,0
DA:43,0
DA:44,0
DA:48,0
DA:49,0
DA:53,4
DA:54,1
DA:56,1
DA:59,1
DA:60,1
DA:62,1
DA:66,0
DA:70,0
DA:76,4
DA:78,1
DA:79,1
DA:80,1
DA:82,0
DA:83,0
DA:85,0
DA:88,0
DA:89,0
DA:90,0
DA:95,0
DA:96,0
DA:97,0
DA:104,0
DA:111,0
DA:116,4
LF:48
LH:16
BRDA:14,0,0,0
BRDA:14,0,1,0
BRDA:18,1,0,0
BRDA:18,1,1,0
BRDA:60,2,0,1
BRDA:60,2,1,0
BRDA:80,3,0,0
BRDA:80,3,1,1
BRDA:83,4,0,0
BRDA:83,4,1,0
BRDA:85,5,0,0
BRDA:85,5,1,0
BRF:12
BRH:2
end_of_record
TN:
SF:controllers/orderController.js
FN:11,(anonymous_0)
FN:38,(anonymous_1)
FN:51,(anonymous_2)
FN:63,reducequantity
FN:92,(anonymous_4)
FNF:5
FNH:1
FNDA:0,(anonymous_0)
FNDA:0,(anonymous_1)
FNDA:0,(anonymous_2)
FNDA:0,reducequantity
FNDA:1,(anonymous_4)
DA:1,4
DA:2,4
DA:3,4
DA:5,4
DA:6,4
DA:7,4
DA:8,4
DA:11,4
DA:12,0
DA:14,0
DA:15,0
DA:16,0
DA:17,0
DA:19,0
DA:22,0
DA:23,0
DA:24,0
DA:29,0
DA:30,0
DA:31,0
DA:32,0
DA:34,0
DA:38,4
DA:39,0
DA:42,0
DA:43,0
DA:46,0
DA:48,0
DA:51,0
DA:54,0
DA:57,0
DA:62,0
DA:64,0
DA:66,0
DA:69,0
DA:71,0
DA:72,0
DA:77,0
DA:80,0
DA:82,0
DA:83,0
DA:84,0
DA:88,0
DA:92,4
DA:93,1
DA:95,1
DA:104,0
DA:109,1
DA:112,4
LF:49
LH:14
BRDA:17,0,0,0
BRDA:17,0,1,0
BRDA:46,1,0,0
BRDA:46,1,1,0
BRDA:46,2,0,0
BRDA:46,2,1,0
BRF:6
BRH:0
end_of_record
TN:
SF:controllers/product.js
FN:8,(anonymous_0)
FN:23,(anonymous_1)
FN:41,(anonymous_2)
FN:51,(anonymous_3)
FN:61,(anonymous_4)
FN:71,(anonymous_5)
FN:80,(anonymous_6)
FNF:7
FNH:6
FNDA:1,(anonymous_0)
FNDA:0,(anonymous_1)
FNDA:1,(anonymous_2)
FNDA:1,(anonymous_3)
FNDA:1,(anonymous_4)
FNDA:1,(anonymous_5)
FNDA:1,(anonymous_6)
DA:1,4
DA:2,4
DA:3,4
DA:4,4
DA:6,4
DA:8,4
DA:9,1
DA:10,1
DA:11,1
DA:12,1
DA:14,1
DA:17,1
DA:18,1
DA:23,4
DA:24,0
DA:26,0
DA:27,0
DA:29,0
DA:30,0
DA:31,0
DA:33,0
DA:34,0
DA:37,0
DA:41,4
DA:42,1
DA:43,1
DA:44,1
DA:46,0
DA:51,4
DA:52,1
DA:53,1
DA:54,1
DA:56,0
DA:61,4
DA:62,1
DA:63,1
DA:64,1
DA:66,0
DA:71,4
DA:72,1
DA:73,1
DA:74,1
DA:76,0
DA:80,4
DA:81,1
DA:82,1
DA:83,1
DA:85,0
DA:93,4
LF:49
LH:35
BRDA:29,0,0,0
BRDA:29,0,1,0
BRDA:29,1,0,0
BRDA:29,1,1,0
BRDA:29,1,2,0
BRDA:29,1,3,0
BRDA:29,1,4,0
BRF:7
BRH:0
end_of_record
TN:
SF:controllers/user.js
FN:16,(anonymous_0)
FN:46,(anonymous_1)
FN:87,(anonymous_2)
FN:103,(anonymous_3)
FN:113,(anonymous_4)
FN:123,(anonymous_5)
FN:133,(anonymous_6)
FN:142,(anonymous_7)
FNF:8
FNH:6
FNDA:0,(anonymous_0)
FNDA:0,(anonymous_1)
FNDA:1,(anonymous_2)
FNDA:1,(anonymous_3)
FNDA:1,(anonymous_4)
FNDA:1,(anonymous_5)
FNDA:1,(anonymous_6)
FNDA:1,(anonymous_7)
DA:1,4
DA:2,4
DA:3,4
DA:4,4
DA:5,4
DA:6,4
DA:9,4
DA:11,4
DA:13,4
DA:16,4
DA:18,0
DA:19,0
DA:20,0
DA:21,0
DA:22,0
DA:24,0
DA:26,0
DA:27,0
DA:28,0
DA:29,0
DA:36,0
DA:38,0
DA:40,0
DA:46,4
DA:47,0
DA:48,0
DA:49,0
DA:50,0
DA:53,0
DA:57,0
DA:59,0
DA:61,0
DA:62,0
DA:65,0
DA:66,0
DA:67,0
DA:75,0
DA:80,0
DA:83,0
DA:87,4
DA:88,1
DA:90,1
DA:91,1
DA:92,1
DA:93,1
DA:94,1
DA:97,0
DA:103,4
DA:104,1
DA:105,1
DA:106,1
DA:108,0
DA:113,4
DA:114,1
DA:115,1
DA:116,1
DA:118,0
DA:123,4
DA:124,1
DA:125,1
DA:126,1
DA:128,0
DA:133,4
DA:134,1
DA:135,1
DA:136,1
DA:138,0
DA:142,4
DA:143,1
DA:144,1
DA:145,1
DA:147,0
DA:153,4
LF:73
LH:39
BRDA:19,0,0,0
BRDA:19,0,1,0
BRDA:19,1,0,0
BRDA:19,1,1,0
BRDA:19,1,2,0
BRDA:19,1,3,0
BRDA:22,2,0,0
BRDA:22,2,1,0
BRDA:53,3,0,0
BRDA:53,3,1,0
BRDA:59,4,0,0
BRDA:59,4,1,0
BRF:12
BRH:0
end_of_record
TN:
SF:middleware/auth.js
FN:6,(anonymous_0)
FNF:1
FNH:1
FNDA:15,(anonymous_0)
DA:1,4
DA:2,4
DA:3,4
DA:4,4
DA:6,4
DA:7,15
DA:8,15
DA:9,15
DA:10,15
DA:11,15
DA:12,15
DA:13,15
DA:14,15
DA:16,15
DA:20,0
DA:23,0
DA:29,4
LF:17
LH:15
BRDA:10,0,0,15
BRDA:10,0,1,0
BRF:2
BRH:1
end_of_record
TN:
SF:models/cart.js
FNF:0
FNH:0
DA:1,4
DA:2,4
DA:23,4
LF:3
LH:3
BRF:0
BRH:0
end_of_record
TN:
SF:models/order.js
FNF:0
FNH:0
DA:1,4
DA:2,4
DA:3,4
DA:4,4
DA:5,4
DA:6,4
DA:51,4
DA:52,4
LF:8
LH:8
BRF:0
BRH:0
end_of_record
TN:
SF:models/product.js
FNF:0
FNH:0
DA:1,4
DA:3,4
DA:42,4
DA:43,4
LF:4
LH:4
BRF:0
BRH:0
end_of_record
TN:
SF:models/user.js
FN:22,(anonymous_0)
FN:49,(anonymous_1)
FN:55,(anonymous_2)
FNF:3
FNH:3
FNDA:9,(anonymous_0)
FNDA:8,(anonymous_1)
FNDA:9,(anonymous_2)
DA:1,4
DA:2,4
DA:3,4
DA:4,4
DA:23,9
DA:24,0
DA:49,4
DA:50,8
DA:51,8
DA:55,4
DA:56,9
DA:58,8
DA:60,9
DA:64,4
DA:65,4
LF:15
LH:14
BRDA:23,0,0,0
BRDA:23,0,1,9
BRDA:56,1,0,8
BRDA:56,1,1,1
BRF:4
BRH:3
end_of_record
TN:
SF:routes/cart.js
FN:10,(anonymous_0)
FNF:1
FNH:0
FNDA:0,(anonymous_0)
DA:1,4
DA:2,4
DA:3,4
DA:4,4
DA:5,4
DA:6,4
DA:9,4
DA:10,4
DA:11,4
DA:13,4
LF:10
LH:10
BRF:0
BRH:0
end_of_record
TN:
SF:routes/order.js
FNF:0
FNH:0
DA:1,4
DA:2,4
DA:3,4
DA:4,4
DA:5,4
DA:6,4
DA:8,4
DA:9,4
DA:10,4
DA:12,4
LF:10
LH:10
BRF:0
BRH:0
end_of_record
TN:
SF:routes/product.js
FNF:0
FNH:0
DA:1,4
DA:2,4
DA:3,4
DA:4,4
DA:5,4
DA:6,4
DA:15,4
DA:18,4
DA:19,4
DA:20,4
DA:21,4
DA:22,4
DA:23,4
DA:24,4
DA:25,4
DA:28,4
LF:16
LH:16
BRF:0
BRH:0
end_of_record
TN:
SF:routes/user.js
FNF:0
FNH:0
DA:1,4
DA:2,4
DA:3,4
DA:4,4
DA:5,4
DA:6,4
DA:16,4
DA:19,4
DA:20,4
DA:21,4
DA:22,4
DA:23,4
DA:24,4
DA:25,4
DA:26,4
DA:27,4
DA:31,4
LF:17
LH:17
BRF:0
BRH:0
end_of_record
